<?xml version="1.0" encoding="utf-8"?><testsuites name="pytest tests"><testsuite name="pytest" errors="0" failures="0" skipped="0" tests="7" time="3.938" timestamp="2026-07-01T23:28:16.398543+00:00" hostname="agent-env-29749927-2bc6-4834-bac0-e367174888e9"><testcase classname="backend.tests.test_finance_p0_iteration23" name="test_01_pending_approval_does_not_apply_clients" time="1.662" /><testcase classname="backend.tests.test_finance_p0_iteration23" name="test_02_approve_reprocesses_and_applies_clients" time="0.814" /><testcase classname="backend.tests.test_finance_p0_iteration23" name="test_03_imports_list_enriches_uploaded_by_name" time="0.149" /><testcase classname="backend.tests.test_finance_p0_iteration23" name="test_04_promises_list_enriches_client_name_and_genes_code" time="0.153" /><testcase classname="backend.tests.test_finance_p0_iteration23" name="test_05_user_finance_role_persists" time="0.598" /><testcase classname="backend.tests.test_finance_p0_iteration23" name="test_06_permissions_collections_agent_no_block_requests" time="0.134" /><testcase classname="backend.tests.test_finance_p0_iteration23" name="test_07_permissions_nofinance_no_finance_access" time="0.225" /></testsuite></testsuites>