<?xml version="1.0" encoding="utf-8"?><testsuites name="pytest tests"><testsuite name="pytest" errors="0" failures="0" skipped="0" tests="14" time="3.179" timestamp="2026-07-02T00:09:04.803662+00:00" hostname="agent-env-29749927-2bc6-4834-bac0-e367174888e9"><testcase classname="tests.test_finance_phase2.TestOpenDocumentsComparison" name="test_first_upload_warning_and_recovered_events" time="1.492" /><testcase classname="tests.test_finance_phase2.TestOpenDocumentsComparison" name="test_second_upload_detects_probable_and_partial" time="0.156" /><testcase classname="tests.test_finance_phase2.TestOpenDocumentsComparison" name="test_dashboard_reflects_recovered_today" time="0.107" /><testcase classname="tests.test_finance_phase2.TestPromiseVerification" name="test_past_promise_marked_failed_future_untouched" time="0.268" /><testcase classname="tests.test_finance_phase2.TestFinanceSettings" name="test_get_defaults" time="0.080" /><testcase classname="tests.test_finance_phase2.TestFinanceSettings" name="test_put_admin_persists" time="0.165" /><testcase classname="tests.test_finance_phase2.TestFinanceSettings" name="test_put_collections_agent_forbidden" time="0.080" /><testcase classname="tests.test_finance_phase2.TestFinanceSettings" name="test_restore_defaults" time="0.078" /><testcase classname="tests.test_finance_phase2.TestCreditWarning" name="test_seed_blocked_client" time="0.004" /><testcase classname="tests.test_finance_phase2.TestCreditWarning" name="test_no_finance_role_gets_200_and_result" time="0.076" /><testcase classname="tests.test_finance_phase2.TestCreditWarning" name="test_prefixed_phone_matches" time="0.075" /><testcase classname="tests.test_finance_phase2.TestCreditWarning" name="test_negative_case" time="0.075" /><testcase classname="tests.test_finance_phase2.TestCreditWarning" name="test_setting_disables_warning" time="0.233" /><testcase classname="tests.test_finance_phase2.TestCreditWarning" name="test_cleanup" time="0.017" /></testsuite></testsuites>