<?xml version="1.0" encoding="utf-8"?><testsuites name="pytest tests"><testsuite name="pytest" errors="0" failures="0" skipped="0" tests="8" time="2.513" timestamp="2026-07-24T08:55:53.986251+00:00" hostname="agent-env-29749927-2bc6-4834-bac0-e367174888e9"><testcase classname="tests.test_iteration_44_overdue_safety_guards.TestValidOverdueImport" name="test_valid_import_success" time="0.597" /><testcase classname="tests.test_iteration_44_overdue_safety_guards.TestOverdueGuardCatastrophicEmpty" name="test_zero_docs_import_rejected_and_no_mutation" time="0.126" /><testcase classname="tests.test_iteration_44_overdue_safety_guards.TestOverdueApproveReturns400OnGuard" name="test_approve_pending_zero_docs_import_returns_400" time="0.133" /><testcase classname="tests.test_iteration_43_open_docs_safety_guards.TestValidImport" name="test_valid_import_success" time="0.524" /><testcase classname="tests.test_iteration_43_open_docs_safety_guards.TestGuard1CatastrophicEmpty" name="test_empty_import_rejected_and_no_mutation" time="0.126" /><testcase classname="tests.test_iteration_43_open_docs_safety_guards.TestGuard2CatastrophicShrinkage" name="test_shrinkage_import_pending_approval_and_no_mutation" time="0.135" /><testcase classname="tests.test_iteration_43_open_docs_safety_guards.TestSameDayReimportCleanup" name="test_same_day_reimport_replaces_recovery_events" time="0.311" /><testcase classname="tests.test_iteration_43_open_docs_safety_guards.TestDashboardNotInflatedByRejection" name="test_dashboard_unchanged_after_rejected_empty" time="0.221" /></testsuite></testsuites>