<?xml version="1.0" encoding="utf-8"?><testsuites name="pytest tests"><testsuite name="pytest" errors="0" failures="0" skipped="0" tests="15" time="4.339" timestamp="2026-07-21T22:29:56.995304+00:00" hostname="agent-env-29749927-2bc6-4834-bac0-e367174888e9"><testcase classname="backend.tests.test_iteration_41_finance_tasks_engine" name="test_generate_tasks_mode_30_force_regenerate" time="0.635" /><testcase classname="backend.tests.test_iteration_41_finance_tasks_engine" name="test_generate_tasks_mode_45" time="0.107" /><testcase classname="backend.tests.test_iteration_41_finance_tasks_engine" name="test_generate_tasks_mode_60" time="0.223" /><testcase classname="backend.tests.test_iteration_41_finance_tasks_engine" name="test_generate_no_force_returns_existing" time="0.129" /><testcase classname="backend.tests.test_iteration_41_finance_tasks_engine" name="test_get_tasks_today" time="0.133" /><testcase classname="backend.tests.test_iteration_41_finance_tasks_engine" name="test_get_tasks_today_with_status_filter" time="0.119" /><testcase classname="backend.tests.test_iteration_41_finance_tasks_engine" name="test_task_done" time="0.274" /><testcase classname="backend.tests.test_iteration_41_finance_tasks_engine" name="test_task_postpone_requires_reason_and_date" time="0.586" /><testcase classname="backend.tests.test_iteration_41_finance_tasks_engine" name="test_task_convert" time="0.247" /><testcase classname="backend.tests.test_iteration_41_finance_tasks_engine" name="test_task_reject" time="0.222" /><testcase classname="backend.tests.test_iteration_41_finance_tasks_engine" name="test_generate_denied_for_no_finance_role" time="0.463" /><testcase classname="backend.tests.test_iteration_41_finance_tasks_engine" name="test_clients_export_basic" time="0.292" /><testcase classname="backend.tests.test_iteration_41_finance_tasks_engine" name="test_clients_export_denied_no_finance" time="0.134" /><testcase classname="backend.tests.test_iteration_41_finance_tasks_engine" name="test_clients_export_route_does_not_collide_with_client_id" time="0.588" /><testcase classname="backend.tests.test_iteration_41_finance_tasks_engine" name="test_name_normalized_index_created" time="0.103" /></testsuite></testsuites>