<?xml version="1.0" encoding="utf-8"?><testsuites name="pytest tests"><testsuite name="pytest" errors="0" failures="0" skipped="0" tests="13" time="3.530" timestamp="2026-07-20T15:03:07.056391+00:00" hostname="agent-env-29749927-2bc6-4834-bac0-e367174888e9"><testcase classname="backend.tests.test_iteration_35_regression.TestAuthRegression" name="test_admin_login_works" time="0.494" /><testcase classname="backend.tests.test_iteration_35_regression.TestFinanceRegression" name="test_overdue_evolution_days_30" time="0.531" /><testcase classname="backend.tests.test_iteration_35_regression.TestFinanceRegression" name="test_overdue_evolution_days_7" time="0.150" /><testcase classname="backend.tests.test_iteration_35_regression.TestFinanceRegression" name="test_overdue_evolution_days_90" time="0.159" /><testcase classname="backend.tests.test_iteration_35_regression.TestFinanceRegression" name="test_dashboard" time="0.118" /><testcase classname="backend.tests.test_iteration_35_regression.TestFinanceRegression" name="test_data_health" time="0.122" /><testcase classname="backend.tests.test_iteration_35_regression.TestFinanceRegression" name="test_clients" time="0.223" /><testcase classname="backend.tests.test_iteration_35_regression.TestFinanceRegression" name="test_promises" time="0.160" /><testcase classname="backend.tests.test_iteration_35_regression.TestFinanceRegression" name="test_imports" time="0.115" /><testcase classname="backend.tests.test_iteration_35_regression.TestFinanceRegression" name="test_client_detail_page_endpoint" time="0.293" /><testcase classname="backend.tests.test_iteration_35_regression.TestTicketsRegression" name="test_overdue_tickets_returns_data" time="0.201" /><testcase classname="backend.tests.test_iteration_35_regression.TestTelegramWebhookRegression" name="test_webhook_with_valid_secret_accepts" time="0.797" /><testcase classname="backend.tests.test_iteration_35_regression.TestTelegramWebhookRegression" name="test_webhook_without_secret_rejected" time="0.106" /></testsuite></testsuites>