<?xml version="1.0" encoding="utf-8"?><testsuites name="pytest tests"><testsuite name="pytest" errors="0" failures="0" skipped="0" tests="15" time="10.520" timestamp="2026-07-19T00:57:19.340538+00:00" hostname="agent-env-29749927-2bc6-4834-bac0-e367174888e9"><testcase classname="backend.tests.test_iteration_32_telegram_delegation.TestWebhookSecurity" name="test_bad_secret_returns_403" time="0.012" /><testcase classname="backend.tests.test_iteration_32_telegram_delegation.TestWebhookSecurity" name="test_good_secret_returns_200" time="1.205" /><testcase classname="backend.tests.test_iteration_32_telegram_delegation.TestMenuAssistencias" name="test_menu_assistencias_creates_state_and_wait_location" time="0.791" /><testcase classname="backend.tests.test_iteration_32_telegram_delegation.TestMenuAssistencias" name="test_menu_assistencias_forbidden_for_pre_ticket_only_user" time="0.805" /><testcase classname="backend.tests.test_iteration_32_telegram_delegation.TestMenuRenting" name="test_menu_renting_creates_state_and_draft" time="0.914" /><testcase classname="backend.tests.test_iteration_32_telegram_delegation.TestMenuMechAlert" name="test_menu_mech_alert_creates_state" time="0.804" /><testcase classname="backend.tests.test_iteration_32_telegram_delegation.TestMenuPreTicketRegression" name="test_menu_pre_ticket_still_inline" time="0.791" /><testcase classname="backend.tests.test_iteration_32_telegram_delegation.TestMenuCancel" name="test_menu_cancel_clears_state" time="1.988" /><testcase classname="backend.tests.test_iteration_32_telegram_delegation.TestAssistenciasForwarding" name="test_text_forwarded_to_delegate" time="1.175" /><testcase classname="backend.tests.test_iteration_32_telegram_delegation.TestAssistenciasForwarding" name="test_location_attachment_consumed" time="1.183" /><testcase classname="backend.tests.test_iteration_32_telegram_delegation.TestGetEmployeeFallback" name="test_get_employee_for_chat_uses_internal_bot_fallback" time="0.251" /><testcase classname="backend.tests.test_iteration_32_telegram_delegation.TestAdminEndpointRegressions" name="test_pending_users" time="0.329" /><testcase classname="backend.tests.test_iteration_32_telegram_delegation.TestAdminEndpointRegressions" name="test_authorized_users" time="0.005" /><testcase classname="backend.tests.test_iteration_32_telegram_delegation.TestAdminEndpointRegressions" name="test_finance_dashboard" time="0.051" /><testcase classname="backend.tests.test_iteration_32_telegram_delegation.TestAdminEndpointRegressions" name="test_tickets_overdue" time="0.018" /></testsuite></testsuites>