<?xml version="1.0" encoding="utf-8"?><testsuites name="pytest tests"><testsuite name="pytest" errors="0" failures="0" skipped="0" tests="24" time="5.466" timestamp="2026-07-21T21:40:13.474931+00:00" hostname="agent-env-29749927-2bc6-4834-bac0-e367174888e9"><testcase classname="tests.test_iteration_39_finance_crm_communication.TestRegression" name="test_admin_login" time="0.433" /><testcase classname="tests.test_iteration_39_finance_crm_communication.TestRegression" name="test_finance_dashboard_ok" time="0.126" /><testcase classname="tests.test_iteration_39_finance_crm_communication.TestRegression" name="test_finance_clients_ok" time="0.137" /><testcase classname="tests.test_iteration_39_finance_crm_communication.TestImportsPagination" name="test_list_imports_response_shape" time="0.123" /><testcase classname="tests.test_iteration_39_finance_crm_communication.TestImportsPagination" name="test_pagination_no_overlap" time="0.270" /><testcase classname="tests.test_iteration_39_finance_crm_communication.TestImportsPagination" name="test_offset_beyond_total_empty" time="0.115" /><testcase classname="tests.test_iteration_39_finance_crm_communication.TestImportsCleanup" name="test_cleanup_preview_reachable" time="0.141" /><testcase classname="tests.test_iteration_39_finance_crm_communication.TestImportsCleanup" name="test_cleanup_dry_run_no_disk_change" time="0.143" /><testcase classname="tests.test_iteration_39_finance_crm_communication.TestImportsCleanup" name="test_cleanup_real_deletes_file_preserves_audit" time="0.126" /><testcase classname="tests.test_iteration_39_finance_crm_communication.TestStagedReplace" name="test_import_service_has_staged_replace_code" time="0.000" /><testcase classname="tests.test_iteration_39_finance_crm_communication.TestStagedReplace" name="test_corrupted_open_documents_import_preserves_existing" time="0.154" /><testcase classname="tests.test_iteration_39_finance_crm_communication.TestEmailTemplates" name="test_list_returns_8_defaults" time="0.152" /><testcase classname="tests.test_iteration_39_finance_crm_communication.TestEmailTemplates" name="test_collections_agent_can_list" time="0.491" /><testcase classname="tests.test_iteration_39_finance_crm_communication.TestEmailTemplates" name="test_collections_agent_cannot_create" time="0.122" /><testcase classname="tests.test_iteration_39_finance_crm_communication.TestEmailTemplates" name="test_owner_full_crud_cycle" time="0.631" /><testcase classname="tests.test_iteration_39_finance_crm_communication.TestDunningLadder" name="test_ladder_returns_6_fixed_buckets" time="0.225" /><testcase classname="tests.test_iteration_39_finance_crm_communication.TestDunningLadder" name="test_client_bucket_by_days_and_status" time="0.141" /><testcase classname="tests.test_iteration_39_finance_crm_communication.TestDunningLadder" name="test_special_status_buckets[PROMESSA_ATIVA-promise-blue]" time="0.122" /><testcase classname="tests.test_iteration_39_finance_crm_communication.TestDunningLadder" name="test_special_status_buckets[EM_DISPUTA-dispute-purple]" time="0.127" /><testcase classname="tests.test_iteration_39_finance_crm_communication.TestDunningLadder" name="test_special_status_buckets[BLOQUEADO-blocked-black]" time="0.319" /><testcase classname="tests.test_iteration_39_finance_crm_communication.TestSendEmail" name="test_send_email_creates_action_and_uses_resend" time="0.371" /><testcase classname="tests.test_iteration_39_finance_crm_communication.TestSendEmail" name="test_residual_only_client_blocks_agent" time="0.133" /><testcase classname="tests.test_iteration_39_finance_crm_communication.TestSendEmail" name="test_owner_can_send_to_residual_only" time="0.296" /><testcase classname="tests.test_iteration_39_finance_crm_communication.TestClassifyDocumentRegression" name="test_classify_rules_still_hold" time="0.395" /></testsuite></testsuites>