<?xml version="1.0" encoding="utf-8"?><testsuites name="pytest tests"><testsuite name="pytest" errors="0" failures="0" skipped="0" tests="18" time="5.634" timestamp="2026-07-21T22:06:14.786210+00:00" hostname="agent-env-29749927-2bc6-4834-bac0-e367174888e9"><testcase classname="tests.test_iteration_40_finance_crm_block_b" name="test_get_client_returns_new_fields" time="1.122" /><testcase classname="tests.test_iteration_40_finance_crm_block_b" name="test_resolve_segment_mapping" time="0.001" /><testcase classname="tests.test_iteration_40_finance_crm_block_b" name="test_backfill_via_name_match_and_idempotent" time="0.552" /><testcase classname="tests.test_iteration_40_finance_crm_block_b" name="test_startup_backfill_migration_recorded" time="0.001" /><testcase classname="tests.test_iteration_40_finance_crm_block_b" name="test_patch_contacts_full_flow" time="0.402" /><testcase classname="tests.test_iteration_40_finance_crm_block_b" name="test_collections_agent_can_patch_contacts" time="0.591" /><testcase classname="tests.test_iteration_40_finance_crm_block_b" name="test_collections_agent_forbidden_backfill_all" time="0.183" /><testcase classname="tests.test_iteration_40_finance_crm_block_b" name="test_rececao_forbidden_on_clients_list" time="0.474" /><testcase classname="tests.test_iteration_40_finance_crm_block_b" name="test_filter_by_customer_segment" time="0.284" /><testcase classname="tests.test_iteration_40_finance_crm_block_b" name="test_filter_ate_10_euros" time="0.355" /><testcase classname="tests.test_iteration_40_finance_crm_block_b" name="test_filter_aging_bucket_365p" time="0.231" /><testcase classname="tests.test_iteration_40_finance_crm_block_b" name="test_filter_has_residual" time="0.153" /><testcase classname="tests.test_iteration_40_finance_crm_block_b" name="test_filter_missing_finance_email_before_after_patch" time="0.326" /><testcase classname="tests.test_iteration_40_finance_crm_block_b" name="test_filter_never_contacted" time="0.133" /><testcase classname="tests.test_iteration_40_finance_crm_block_b" name="test_sort_by_overdue_asc_desc" time="0.270" /><testcase classname="tests.test_iteration_40_finance_crm_block_b" name="test_regression_email_templates_seed" time="0.119" /><testcase classname="tests.test_iteration_40_finance_crm_block_b" name="test_regression_dunning_ladder" time="0.146" /><testcase classname="tests.test_iteration_40_finance_crm_block_b" name="test_regression_imports_pagination" time="0.128" /></testsuite></testsuites>