<?xml version="1.0" encoding="utf-8"?><testsuites name="pytest tests"><testsuite name="pytest" errors="0" failures="0" skipped="0" tests="22" time="14.371" timestamp="2026-07-20T17:19:16.836589+00:00" hostname="agent-env-29749927-2bc6-4834-bac0-e367174888e9"><testcase classname="tests.test_iteration_37_telegram_consolidation.TestDedupeSequential" name="test_sequential_same_update_id" time="0.486" /><testcase classname="tests.test_iteration_37_telegram_consolidation.TestDedupeConcurrent" name="test_concurrent_same_update_id" time="0.427" /><testcase classname="tests.test_iteration_37_telegram_consolidation.TestNoUpdateIdFallback" name="test_missing_update_id_processes" time="0.477" /><testcase classname="tests.test_iteration_37_telegram_consolidation.TestHelpCommand" name="test_help_command_logs_event" time="0.845" /><testcase classname="tests.test_iteration_37_telegram_consolidation.TestSystemCallbacks" name="test_system_menu_clears_state" time="0.833" /><testcase classname="tests.test_iteration_37_telegram_consolidation.TestSystemCallbacks" name="test_system_cancel" time="1.405" /><testcase classname="tests.test_iteration_37_telegram_consolidation.TestSystemCallbacks" name="test_system_help" time="0.870" /><testcase classname="tests.test_iteration_37_telegram_consolidation.TestSystemCallbacks" name="test_system_back_fallback" time="0.846" /><testcase classname="tests.test_iteration_37_telegram_consolidation.TestErrorIsolation" name="test_webhook_never_500_on_edge_input" time="0.392" /><testcase classname="tests.test_iteration_37_telegram_consolidation.TestErrorIsolation" name="test_error_isolation_code_paths_present" time="0.001" /><testcase classname="tests.test_iteration_37_telegram_consolidation.TestIndexes" name="test_processed_updates_indexes" time="0.001" /><testcase classname="tests.test_iteration_37_telegram_consolidation.TestIndexes" name="test_alerts_states_indexes" time="0.001" /><testcase classname="tests.test_iteration_37_telegram_consolidation.TestIndexes" name="test_internal_logs_indexes" time="0.001" /><testcase classname="tests.test_iteration_37_telegram_consolidation.TestAlertsStatePersistence" name="test_set_persists_del_removes_and_restart_reloads" time="1.064" /><testcase classname="tests.test_iteration_37_telegram_consolidation.TestMenuDelegationRegression" name="test_menu_pre_ticket_creates_state" time="1.204" /><testcase classname="tests.test_iteration_37_telegram_consolidation.TestMenuDelegationRegression" name="test_menu_renting_creates_state" time="1.289" /><testcase classname="tests.test_iteration_37_telegram_consolidation.TestMenuDelegationRegression" name="test_menu_mech_alert_creates_state" time="2.415" /><testcase classname="tests.test_iteration_37_telegram_consolidation.TestMenuDelegationRegression" name="test_menu_assistencias_creates_state" time="1.342" /><testcase classname="tests.test_iteration_37_telegram_consolidation.TestTokenSecurity" name="test_no_bot_tokens_in_repo" time="0.288" /><testcase classname="tests.test_iteration_37_telegram_consolidation.TestTokenSecurity" name="test_test_credentials_redacted" time="0.002" /><testcase classname="tests.test_iteration_37_telegram_consolidation.TestTokenSecurity" name="test_gitignore_covers_test_credentials" time="0.001" /><testcase classname="tests.test_iteration_37_telegram_consolidation.TestTokenSecurity" name="test_rollback_docs_exist_no_tokens" time="0.002" /></testsuite></testsuites>