<?xml version="1.0" encoding="utf-8"?><testsuites name="pytest tests"><testsuite name="pytest" errors="0" failures="0" skipped="0" tests="23" time="6.840" timestamp="2026-07-24T16:48:42.642123+00:00" hostname="agent-env-29749927-2bc6-4834-bac0-e367174888e9"><testcase classname="tests.test_iteration_47_anomalies.TestAnomaliesDetection" name="test_critical_total_overdue_diff" time="0.635" /><testcase classname="tests.test_iteration_47_anomalies.TestAnomaliesDetection" name="test_warning_clients_diff_only" time="0.164" /><testcase classname="tests.test_iteration_47_anomalies.TestAnomaliesDetection" name="test_noise_floor_ignores_small_diffs" time="0.142" /><testcase classname="tests.test_iteration_47_anomalies.TestAnomaliesCount" name="test_count_endpoint" time="0.140" /><testcase classname="tests.test_iteration_47_anomalies.TestValidationFlow" name="test_owner_validates_with_comment" time="0.749" /><testcase classname="tests.test_iteration_47_anomalies.TestRBAC" name="test_collector_can_view_but_not_validate" time="0.604" /><testcase classname="tests.test_iteration_43_open_docs_safety_guards.TestValidImport" name="test_valid_import_success" time="0.510" /><testcase classname="tests.test_iteration_43_open_docs_safety_guards.TestGuard1CatastrophicEmpty" name="test_empty_import_rejected_and_no_mutation" time="0.157" /><testcase classname="tests.test_iteration_43_open_docs_safety_guards.TestGuard2CatastrophicShrinkage" name="test_shrinkage_import_pending_approval_and_no_mutation" time="0.154" /><testcase classname="tests.test_iteration_43_open_docs_safety_guards.TestSameDayReimportCleanup" name="test_same_day_reimport_replaces_recovery_events" time="0.357" /><testcase classname="tests.test_iteration_43_open_docs_safety_guards.TestDashboardNotInflatedByRejection" name="test_dashboard_unchanged_after_rejected_empty" time="0.316" /><testcase classname="tests.test_iteration_44_overdue_safety_guards.TestValidOverdueImport" name="test_valid_import_success" time="0.487" /><testcase classname="tests.test_iteration_44_overdue_safety_guards.TestOverdueGuardCatastrophicEmpty" name="test_zero_docs_import_rejected_and_no_mutation" time="0.135" /><testcase classname="tests.test_iteration_44_overdue_safety_guards.TestOverdueApproveReturns400OnGuard" name="test_approve_pending_zero_docs_import_returns_400" time="0.140" /><testcase classname="tests.test_iteration_46_import_preview.TestPreviewValidOverdue" name="test_valid_overdue_preview" time="0.521" /><testcase classname="tests.test_iteration_46_import_preview.TestPreviewZeroDocsCritical" name="test_zero_docs_preview_is_critical" time="0.129" /><testcase classname="tests.test_iteration_46_import_preview.TestPreviewNotFound" name="test_preview_404_when_import_missing" time="0.127" /><testcase classname="tests.test_iteration_46b_detect_type.TestDetectOverdue" name="test_overdue_high_confidence" time="0.469" /><testcase classname="tests.test_iteration_46b_detect_type.TestDetectOpenDocs" name="test_open_docs_high_confidence" time="0.115" /><testcase classname="tests.test_iteration_46b_detect_type.TestDetectMismatch" name="test_open_docs_file_not_confused_with_overdue" time="0.124" /><testcase classname="tests.test_iteration_46b_detect_type.TestDetectUnknown" name="test_random_file_unknown" time="0.124" /><testcase classname="tests.test_iteration_46b_detect_type.TestDetectEmptyFile" name="test_empty_body_400" time="0.107" /><testcase classname="tests.test_iteration_46b_detect_type.TestDetectInvalidExtension" name="test_pdf_rejected" time="0.108" /></testsuite></testsuites>