<?xml version="1.0" encoding="utf-8"?><testsuites name="pytest tests"><testsuite name="pytest" errors="0" failures="0" skipped="0" tests="24" time="4.405" timestamp="2026-07-20T15:19:50.951190+00:00" hostname="agent-env-29749927-2bc6-4834-bac0-e367174888e9"><testcase classname="tests.test_iteration_36_webhook_deprecation.TestDeprecatedWebhooks" name="test_deprecated_webhook_returns_200_and_json[/api/telegram/webhook]" time="0.008" /><testcase classname="tests.test_iteration_36_webhook_deprecation.TestDeprecatedWebhooks" name="test_deprecated_webhook_returns_200_and_json[/api/telegram-alerts/webhook]" time="0.004" /><testcase classname="tests.test_iteration_36_webhook_deprecation.TestDeprecatedWebhooks" name="test_deprecated_webhook_returns_200_and_json[/api/renting/webhook]" time="0.003" /><testcase classname="tests.test_iteration_36_webhook_deprecation.TestDeprecatedWebhooks" name="test_deprecated_webhook_returns_200_and_json[/api/assistencias/webhook]" time="0.003" /><testcase classname="tests.test_iteration_36_webhook_deprecation.TestDeprecatedWebhooks" name="test_deprecated_webhook_ignores_content[/api/telegram/webhook]" time="0.003" /><testcase classname="tests.test_iteration_36_webhook_deprecation.TestDeprecatedWebhooks" name="test_deprecated_webhook_ignores_content[/api/telegram-alerts/webhook]" time="0.003" /><testcase classname="tests.test_iteration_36_webhook_deprecation.TestDeprecatedWebhooks" name="test_deprecated_webhook_ignores_content[/api/renting/webhook]" time="0.003" /><testcase classname="tests.test_iteration_36_webhook_deprecation.TestDeprecatedWebhooks" name="test_deprecated_webhook_ignores_content[/api/assistencias/webhook]" time="0.003" /><testcase classname="tests.test_iteration_36_webhook_deprecation.TestLegacyRoutesExist" name="test_legacy_route_registered[/api/telegram/webhook/legacy]" time="0.004" /><testcase classname="tests.test_iteration_36_webhook_deprecation.TestLegacyRoutesExist" name="test_legacy_route_registered[/api/telegram-alerts/webhook/legacy]" time="0.003" /><testcase classname="tests.test_iteration_36_webhook_deprecation.TestLegacyRoutesExist" name="test_legacy_route_registered[/api/renting/webhook/legacy]" time="0.003" /><testcase classname="tests.test_iteration_36_webhook_deprecation.TestLegacyRoutesExist" name="test_legacy_route_registered[/api/assistencias/webhook/legacy]" time="0.003" /><testcase classname="tests.test_iteration_36_webhook_deprecation.TestInternalWebhookRegression" name="test_valid_secret_200" time="1.287" /><testcase classname="tests.test_iteration_36_webhook_deprecation.TestInternalWebhookRegression" name="test_bad_secret_403" time="0.004" /><testcase classname="tests.test_iteration_36_webhook_deprecation.TestInternalWebhookRegression" name="test_menu_assistencias_delegates" time="0.907" /><testcase classname="tests.test_iteration_36_webhook_deprecation.TestInternalWebhookRegression" name="test_menu_renting_creates_draft" time="0.898" /><testcase classname="tests.test_iteration_36_webhook_deprecation.TestInternalWebhookRegression" name="test_menu_mech_alert_sets_active_flow" time="0.801" /><testcase classname="tests.test_iteration_36_webhook_deprecation.TestAdminEndpointsUnaffected" name="test_pending_users" time="0.277" /><testcase classname="tests.test_iteration_36_webhook_deprecation.TestAdminEndpointsUnaffected" name="test_finance_dashboard" time="0.010" /><testcase classname="tests.test_iteration_36_webhook_deprecation.TestAdminEndpointsUnaffected" name="test_finance_overdue_evolution" time="0.005" /><testcase classname="tests.test_iteration_36_webhook_deprecation.TestAdminEndpointsUnaffected" name="test_tickets_overdue" time="0.010" /><testcase classname="tests.test_iteration_36_webhook_deprecation.TestAdminEndpointsUnaffected" name="test_assistencias_records" time="0.005" /><testcase classname="tests.test_iteration_36_webhook_deprecation.TestAdminEndpointsUnaffected" name="test_renting_records" time="0.007" /><testcase classname="tests.test_iteration_36_webhook_deprecation.TestAdminEndpointsUnaffected" name="test_telegram_alerts_list" time="0.007" /></testsuite></testsuites>