<?xml version="1.0" encoding="utf-8"?><testsuites name="pytest tests"><testsuite name="pytest" errors="0" failures="0" skipped="0" tests="34" time="7.297" timestamp="2026-07-21T20:15:01.603913+00:00" hostname="agent-env-29749927-2bc6-4834-bac0-e367174888e9"><testcase classname="tests.test_iteration_38_finance_regularizations.TestAuth" name="test_admin_login_and_finance_access" time="0.800" /><testcase classname="tests.test_iteration_38_finance_regularizations.TestClassificationRecompute" name="test_recompute_endpoint_owner_only" time="0.103" /><testcase classname="tests.test_iteration_38_finance_regularizations.TestClassificationRecompute" name="test_bug_scenario_080_1220d_classifies_residual" time="0.179" /><testcase classname="tests.test_iteration_38_finance_regularizations.TestClassificationRecompute" name="test_micro_old_scenario_350_500d" time="0.103" /><testcase classname="tests.test_iteration_38_finance_regularizations.TestClassificationRecompute" name="test_collectable_scenario_500_45d" time="0.096" /><testcase classname="tests.test_iteration_38_finance_regularizations.TestClassificationRecompute" name="test_micro_old_short_days_stays_collectable" time="0.086" /><testcase classname="tests.test_iteration_38_finance_regularizations.TestRegularizationsEndpoint" name="test_returns_per_document_structure" time="0.173" /><testcase classname="tests.test_iteration_38_finance_regularizations.TestRegularizationsEndpoint" name="test_our_seed_client_appears" time="0.172" /><testcase classname="tests.test_iteration_38_finance_regularizations.TestRegularizationsEndpoint" name="test_filter_only_micro_old" time="0.463" /><testcase classname="tests.test_iteration_38_finance_regularizations.TestRegularizationsEndpoint" name="test_filter_only_residual" time="0.161" /><testcase classname="tests.test_iteration_38_finance_regularizations.TestRegularizationsEndpoint" name="test_filter_min_max_amount_and_days" time="0.256" /><testcase classname="tests.test_iteration_38_finance_regularizations.TestRegularizationsEndpoint" name="test_filter_only_low_values" time="0.224" /><testcase classname="tests.test_iteration_38_finance_regularizations.TestRegularizationsEndpoint" name="test_sort_by_days_overdue_desc" time="0.176" /><testcase classname="tests.test_iteration_38_finance_regularizations.TestRegularizationsEndpoint" name="test_sort_by_amount_open_asc" time="0.172" /><testcase classname="tests.test_iteration_38_finance_regularizations.TestRegularizationsEndpoint" name="test_search_by_client_name" time="0.180" /><testcase classname="tests.test_iteration_38_finance_regularizations.TestRegularizationsEndpoint" name="test_suggestion_labels" time="0.184" /><testcase classname="tests.test_iteration_38_finance_regularizations.TestDocumentActions" name="test_mark_collectable_removes_from_regularizations" time="0.362" /><testcase classname="tests.test_iteration_38_finance_regularizations.TestDocumentActions" name="test_reset_action_restores_residual" time="0.380" /><testcase classname="tests.test_iteration_38_finance_regularizations.TestDocumentActions" name="test_mark_dispute" time="0.198" /><testcase classname="tests.test_iteration_38_finance_regularizations.TestDocumentActions" name="test_mark_resolved_operationally" time="0.194" /><testcase classname="tests.test_iteration_38_finance_regularizations.TestDocumentActions" name="test_regularize_internally_keeps_classification" time="0.367" /><testcase classname="tests.test_iteration_38_finance_regularizations.TestDocumentActions" name="test_document_id_with_slash_uses_path_param" time="0.100" /><testcase classname="tests.test_iteration_38_finance_regularizations.TestDocumentActions" name="test_invalid_document_returns_404" time="0.080" /><testcase classname="tests.test_iteration_38_finance_regularizations.TestCollectionsTodayFilters" name="test_endpoint_ok" time="0.078" /><testcase classname="tests.test_iteration_38_finance_regularizations.TestCollectionsTodayFilters" name="test_sort_by_options" time="0.770" /><testcase classname="tests.test_iteration_38_finance_regularizations.TestCollectionsTodayFilters" name="test_sort_by_invalid_rejected" time="0.085" /><testcase classname="tests.test_iteration_38_finance_regularizations.TestCollectionsTodayFilters" name="test_filter_min_max_overdue_and_days" time="0.084" /><testcase classname="tests.test_iteration_38_finance_regularizations.TestCollectionsTodayFilters" name="test_only_low_values" time="0.076" /><testcase classname="tests.test_iteration_38_finance_regularizations.TestCollectionsTodayFilters" name="test_only_old_docs" time="0.072" /><testcase classname="tests.test_iteration_38_finance_regularizations.TestCollectionsTodayFilters" name="test_financial_status_filter" time="0.080" /><testcase classname="tests.test_iteration_38_finance_regularizations.TestCollectionsTodayFilters" name="test_search" time="0.083" /><testcase classname="tests.test_iteration_38_finance_regularizations.TestCollectionsTodayFilters" name="test_mark_collectable_appears_in_collections_today" time="0.387" /><testcase classname="tests.test_iteration_38_finance_regularizations.TestSettingsAutoRecompute" name="test_get_settings" time="0.081" /><testcase classname="tests.test_iteration_38_finance_regularizations.TestSettingsAutoRecompute" name="test_put_settings_triggers_recompute" time="0.171" /></testsuite></testsuites>