<?xml version="1.0" encoding="utf-8"?><testsuites name="pytest tests"><testsuite name="pytest" errors="0" failures="0" skipped="0" tests="19" time="2.049" timestamp="2026-07-02T09:46:49.141896+00:00" hostname="agent-env-29749927-2bc6-4834-bac0-e367174888e9"><testcase classname="backend.tests.test_finance_smoke_iteration25" name="test_admin_login_returns_user" time="0.405" /><testcase classname="backend.tests.test_finance_smoke_iteration25" name="test_collections_login_returns_user" time="0.336" /><testcase classname="backend.tests.test_finance_smoke_iteration25" name="test_nofin_user_has_no_finance_role" time="0.332" /><testcase classname="backend.tests.test_finance_smoke_iteration25" name="test_finance_dashboard_admin" time="0.135" /><testcase classname="backend.tests.test_finance_smoke_iteration25" name="test_finance_data_health_admin" time="0.045" /><testcase classname="backend.tests.test_finance_smoke_iteration25" name="test_finance_clients_admin" time="0.043" /><testcase classname="backend.tests.test_finance_smoke_iteration25" name="test_finance_promises_admin" time="0.041" /><testcase classname="backend.tests.test_finance_smoke_iteration25" name="test_finance_imports_admin" time="0.043" /><testcase classname="backend.tests.test_finance_smoke_iteration25" name="test_finance_dashboard_collections" time="0.103" /><testcase classname="backend.tests.test_finance_smoke_iteration25" name="test_finance_data_health_collections" time="0.046" /><testcase classname="backend.tests.test_finance_smoke_iteration25" name="test_finance_403_for_no_finance_user[/api/finance/dashboard]" time="0.102" /><testcase classname="backend.tests.test_finance_smoke_iteration25" name="test_finance_403_for_no_finance_user[/api/finance/data-health]" time="0.048" /><testcase classname="backend.tests.test_finance_smoke_iteration25" name="test_finance_403_for_no_finance_user[/api/finance/clients]" time="0.046" /><testcase classname="backend.tests.test_finance_smoke_iteration25" name="test_finance_403_for_no_finance_user[/api/finance/promises]" time="0.047" /><testcase classname="backend.tests.test_finance_smoke_iteration25" name="test_finance_403_for_no_finance_user[/api/finance/imports]" time="0.047" /><testcase classname="backend.tests.test_finance_smoke_iteration25" name="test_whatsapp_disabled[/api/whatsapp/status]" time="0.042" /><testcase classname="backend.tests.test_finance_smoke_iteration25" name="test_whatsapp_disabled[/api/whatsapp/send]" time="0.044" /><testcase classname="backend.tests.test_finance_smoke_iteration25" name="test_whatsapp_disabled[/api/whatsapp/webhook]" time="0.040" /><testcase classname="backend.tests.test_finance_smoke_iteration25" name="test_whatsapp_disabled[/api/whatsapp/config]" time="0.043" /></testsuite></testsuites>