<?xml version="1.0" encoding="utf-8"?><testsuites name="pytest tests"><testsuite name="pytest" errors="0" failures="0" skipped="0" tests="5" time="2.202" timestamp="2026-07-23T12:27:40.910491+00:00" hostname="agent-env-29749927-2bc6-4834-bac0-e367174888e9"><testcase classname="tests.test_iteration_43_open_docs_safety_guards.TestValidImport" name="test_valid_import_success" time="0.799" /><testcase classname="tests.test_iteration_43_open_docs_safety_guards.TestGuard1CatastrophicEmpty" name="test_empty_import_rejected_and_no_mutation" time="0.158" /><testcase classname="tests.test_iteration_43_open_docs_safety_guards.TestGuard2CatastrophicShrinkage" name="test_shrinkage_import_pending_approval_and_no_mutation" time="0.228" /><testcase classname="tests.test_iteration_43_open_docs_safety_guards.TestSameDayReimportCleanup" name="test_same_day_reimport_replaces_recovery_events" time="0.419" /><testcase classname="tests.test_iteration_43_open_docs_safety_guards.TestDashboardNotInflatedByRejection" name="test_dashboard_unchanged_after_rejected_empty" time="0.281" /></testsuite></testsuites>