<?xml version="1.0" encoding="utf-8"?><testsuites name="pytest tests"><testsuite name="pytest" errors="0" failures="0" skipped="0" tests="18" time="3.293" timestamp="2026-07-20T13:42:05.128790+00:00" hostname="agent-env-29749927-2bc6-4834-bac0-e367174888e9"><testcase classname="backend.tests.test_iteration_33_overdue_evolution.TestOverdueEvolutionShape" name="test_200_default_days" time="0.598" /><testcase classname="backend.tests.test_iteration_33_overdue_evolution.TestOverdueEvolutionShape" name="test_series_item_fields" time="0.143" /><testcase classname="backend.tests.test_iteration_33_overdue_evolution.TestOverdueEvolutionShape" name="test_summary_fields" time="0.133" /><testcase classname="backend.tests.test_iteration_33_overdue_evolution.TestOverdueEvolutionShape" name="test_days_covered_matches_series_len" time="0.153" /><testcase classname="backend.tests.test_iteration_33_overdue_evolution.TestOverdueEvolutionMath" name="test_newly_overdue_equals_net_change_plus_recovered" time="0.187" /><testcase classname="backend.tests.test_iteration_33_overdue_evolution.TestOverdueEvolutionMath" name="test_first_day_net_change_is_zero" time="0.107" /><testcase classname="backend.tests.test_iteration_33_overdue_evolution.TestOverdueEvolutionMath" name="test_preview_scenario_stagnant" time="0.127" /><testcase classname="backend.tests.test_iteration_33_overdue_evolution.TestOverdueEvolutionMath" name="test_summary_delta_equals_end_minus_start" time="0.103" /><testcase classname="backend.tests.test_iteration_33_overdue_evolution.TestOverdueEvolutionParams" name="test_days_1_clamps_to_one_day_window" time="0.127" /><testcase classname="backend.tests.test_iteration_33_overdue_evolution.TestOverdueEvolutionParams" name="test_days_400_clamps_to_365" time="0.136" /><testcase classname="backend.tests.test_iteration_33_overdue_evolution.TestOverdueEvolutionParams" name="test_days_zero_or_negative_clamped" time="0.128" /><testcase classname="backend.tests.test_iteration_33_overdue_evolution.TestOverdueEvolutionAuth" name="test_no_jwt_returns_401_or_403" time="0.144" /><testcase classname="backend.tests.test_iteration_33_overdue_evolution.TestOverdueEvolutionAuth" name="test_user_without_finance_role_returns_403" time="0.516" /><testcase classname="backend.tests.test_iteration_33_overdue_evolution.TestDashboardRegression" name="test_dashboard_still_returns_expected_fields" time="0.109" /><testcase classname="backend.tests.test_iteration_33_overdue_evolution.TestDashboardRegression" name="test_collections_today_still_reachable" time="0.157" /><testcase classname="backend.tests.test_iteration_33_overdue_evolution.TestDashboardRegression" name="test_clients_list_reachable" time="0.111" /><testcase classname="backend.tests.test_iteration_33_overdue_evolution.TestDashboardRegression" name="test_promises_list_reachable" time="0.107" /><testcase classname="backend.tests.test_iteration_33_overdue_evolution.TestDashboardRegression" name="test_data_health_reachable" time="0.134" /></testsuite></testsuites>