<?xml version="1.0" encoding="utf-8"?><testsuites name="pytest tests"><testsuite name="pytest" errors="0" failures="0" skipped="0" tests="17" time="4.261" timestamp="2026-07-24T11:56:08.346819+00:00" hostname="agent-env-29749927-2bc6-4834-bac0-e367174888e9"><testcase classname="tests.test_iteration_43_open_docs_safety_guards.TestValidImport" name="test_valid_import_success" time="0.645" /><testcase classname="tests.test_iteration_43_open_docs_safety_guards.TestGuard1CatastrophicEmpty" name="test_empty_import_rejected_and_no_mutation" time="0.145" /><testcase classname="tests.test_iteration_43_open_docs_safety_guards.TestGuard2CatastrophicShrinkage" name="test_shrinkage_import_pending_approval_and_no_mutation" time="0.142" /><testcase classname="tests.test_iteration_43_open_docs_safety_guards.TestSameDayReimportCleanup" name="test_same_day_reimport_replaces_recovery_events" time="0.317" /><testcase classname="tests.test_iteration_43_open_docs_safety_guards.TestDashboardNotInflatedByRejection" name="test_dashboard_unchanged_after_rejected_empty" time="0.237" /><testcase classname="tests.test_iteration_44_overdue_safety_guards.TestValidOverdueImport" name="test_valid_import_success" time="0.466" /><testcase classname="tests.test_iteration_44_overdue_safety_guards.TestOverdueGuardCatastrophicEmpty" name="test_zero_docs_import_rejected_and_no_mutation" time="0.151" /><testcase classname="tests.test_iteration_44_overdue_safety_guards.TestOverdueApproveReturns400OnGuard" name="test_approve_pending_zero_docs_import_returns_400" time="0.137" /><testcase classname="tests.test_iteration_46_import_preview.TestPreviewValidOverdue" name="test_valid_overdue_preview" time="0.472" /><testcase classname="tests.test_iteration_46_import_preview.TestPreviewZeroDocsCritical" name="test_zero_docs_preview_is_critical" time="0.118" /><testcase classname="tests.test_iteration_46_import_preview.TestPreviewNotFound" name="test_preview_404_when_import_missing" time="0.109" /><testcase classname="tests.test_iteration_46b_detect_type.TestDetectOverdue" name="test_overdue_high_confidence" time="0.452" /><testcase classname="tests.test_iteration_46b_detect_type.TestDetectOpenDocs" name="test_open_docs_high_confidence" time="0.112" /><testcase classname="tests.test_iteration_46b_detect_type.TestDetectMismatch" name="test_open_docs_file_not_confused_with_overdue" time="0.111" /><testcase classname="tests.test_iteration_46b_detect_type.TestDetectUnknown" name="test_random_file_unknown" time="0.108" /><testcase classname="tests.test_iteration_46b_detect_type.TestDetectEmptyFile" name="test_empty_body_400" time="0.103" /><testcase classname="tests.test_iteration_46b_detect_type.TestDetectInvalidExtension" name="test_pdf_rejected" time="0.102" /></testsuite></testsuites>