<?xml version="1.0" encoding="utf-8"?><testsuites name="pytest tests"><testsuite name="pytest" errors="0" failures="0" skipped="0" tests="15" time="3.238" timestamp="2026-07-21T22:46:19.013197+00:00" hostname="agent-env-29749927-2bc6-4834-bac0-e367174888e9"><testcase classname="backend.tests.test_iteration_42_tasks_effectiveness.TestEffectivenessStructure" name="test_default_range_and_full_structure" time="0.524" /><testcase classname="backend.tests.test_iteration_42_tasks_effectiveness.TestEffectivenessStructure" name="test_no_mongodb_id_in_response" time="0.187" /><testcase classname="backend.tests.test_iteration_42_tasks_effectiveness.TestEffectivenessFilters" name="test_date_range_filter_respected" time="0.139" /><testcase classname="backend.tests.test_iteration_42_tasks_effectiveness.TestEffectivenessFilters" name="test_task_type_filter" time="0.130" /><testcase classname="backend.tests.test_iteration_42_tasks_effectiveness.TestEffectivenessFilters" name="test_status_filter" time="0.138" /><testcase classname="backend.tests.test_iteration_42_tasks_effectiveness.TestEffectivenessFilters" name="test_customer_segment_filter" time="0.118" /><testcase classname="backend.tests.test_iteration_42_tasks_effectiveness.TestEffectivenessFilters" name="test_feedback_reason_filter" time="0.114" /><testcase classname="backend.tests.test_iteration_42_tasks_effectiveness.TestEffectivenessRates" name="test_rates_avoid_divide_by_zero" time="0.129" /><testcase classname="backend.tests.test_iteration_42_tasks_effectiveness.TestEffectivenessRates" name="test_rates_math_consistency" time="0.121" /><testcase classname="backend.tests.test_iteration_42_tasks_effectiveness.TestEffectivenessPermissions" name="test_noaccess_forbidden" time="0.589" /><testcase classname="backend.tests.test_iteration_42_tasks_effectiveness.TestEffectivenessPermissions" name="test_unauthenticated_denied" time="0.121" /><testcase classname="backend.tests.test_iteration_42_tasks_effectiveness.TestEffectivenessPermissions" name="test_agent_scoped_to_self" time="0.463" /><testcase classname="backend.tests.test_iteration_42_tasks_effectiveness.TestEffectivenessPermissions" name="test_owner_sees_all_no_forced_assigned" time="0.103" /><testcase classname="backend.tests.test_iteration_42_tasks_effectiveness.TestRegressionIteration41" name="test_tasks_today_ok" time="0.127" /><testcase classname="backend.tests.test_iteration_42_tasks_effectiveness.TestRegressionIteration41" name="test_clients_export_ok" time="0.162" /></testsuite></testsuites>