<?xml version="1.0" encoding="utf-8"?><testsuites name="pytest tests"><testsuite name="pytest" errors="0" failures="2" skipped="0" tests="13" time="4.781" timestamp="2026-02-25T16:06:59.991749+00:00" hostname="agent-env-4e6f21f2-2574-4ae2-bef4-86d94f935784"><testcase classname="backend.tests.test_quote_pdf_validity.TestQuoteOptionsWithAttachments" name="test_save_quote_options_with_attachment_ids" time="0.769" /><testcase classname="backend.tests.test_quote_pdf_validity.TestQuoteOptionsWithAttachments" name="test_get_quote_options_returns_attachment_ids" time="0.179" /><testcase classname="backend.tests.test_quote_pdf_validity.TestGenerateQuoteLink" name="test_generate_quote_link_sets_valid_until" time="0.621" /><testcase classname="backend.tests.test_quote_pdf_validity.TestGenerateQuoteLink" name="test_generate_quote_link_returns_token" time="0.137" /><testcase classname="backend.tests.test_quote_pdf_validity.TestPublicQuoteEndpoint" name="test_public_quote_returns_quote_valid_until" time="0.542" /><testcase classname="backend.tests.test_quote_pdf_validity.TestPublicQuoteEndpoint" name="test_public_quote_returns_ticket_attachments" time="0.505" /><testcase classname="backend.tests.test_quote_pdf_validity.TestPublicQuoteEndpoint" name="test_public_quote_options_have_attachments_field" time="0.397" /><testcase classname="backend.tests.test_quote_pdf_validity.TestPublicDownloadEndpoint" name="test_public_download_with_invalid_token" time="0.127" /><testcase classname="backend.tests.test_quote_pdf_validity.TestPublicDownloadEndpoint" name="test_public_download_with_invalid_attachment" time="0.438" /><testcase classname="backend.tests.test_quote_pdf_validity.TestPublicDownloadEndpoint" name="test_public_download_endpoint_exists" time="0.286" /><testcase classname="backend.tests.test_quote_pdf_validity.TestQuoteExpiry" name="test_respond_to_expired_quote_returns_400" time="0.245"><failure message="pymongo.errors.InvalidURI: Invalid URI scheme: URI must begin with 'mongodb://' or 'mongodb+srv://'">backend/tests/test_quote_pdf_validity.py:315: in test_respond_to_expired_quote_returns_400
    asyncio.run(set_expired())
/usr/local/lib/python3.11/asyncio/runners.py:190: in run
    return runner.run(main)
           ^^^^^^^^^^^^^^^^
/usr/local/lib/python3.11/asyncio/runners.py:118: in run
    return self._loop.run_until_complete(task)
           ^^^^^^^^^^^^^^^^^^^^^^^^^^^^^^^^^^^
/usr/local/lib/python3.11/asyncio/base_events.py:654: in run_until_complete
    return future.result()
           ^^^^^^^^^^^^^^^
backend/tests/test_quote_pdf_validity.py:307: in set_expired
    client = motor.motor_asyncio.AsyncIOMotorClient(MONGO_URL)
             ^^^^^^^^^^^^^^^^^^^^^^^^^^^^^^^^^^^^^^^^^^^^^^^^^
/root/.venv/lib/python3.11/site-packages/motor/core.py:148: in __init__
    delegate = self.__delegate_class__(*args, **kwargs)
               ^^^^^^^^^^^^^^^^^^^^^^^^^^^^^^^^^^^^^^^^
/root/.venv/lib/python3.11/site-packages/pymongo/mongo_client.py:766: in __init__
    res = uri_parser.parse_uri(
/root/.venv/lib/python3.11/site-packages/pymongo/uri_parser.py:496: in parse_uri
    raise InvalidURI(f"Invalid URI scheme: URI must begin with '{SCHEME}' or '{SRV_SCHEME}'")
E   pymongo.errors.InvalidURI: Invalid URI scheme: URI must begin with 'mongodb://' or 'mongodb+srv://'</failure></testcase><testcase classname="backend.tests.test_quote_pdf_validity.TestQuoteExpiry" name="test_respond_to_valid_quote_succeeds" time="0.104"><failure message="assert 200 == 201&#10; +  where 200 = &lt;Response [200]&gt;.status_code">backend/tests/test_quote_pdf_validity.py:338: in test_respond_to_valid_quote_succeeds
    assert ticket_resp.status_code == 201
E   assert 200 == 201
E    +  where 200 = &lt;Response [200]&gt;.status_code</failure></testcase><testcase classname="backend.tests.test_quote_pdf_validity.TestPublicQuoteInvalidToken" name="test_invalid_token_returns_404" time="0.221" /></testsuite></testsuites>