<?xml version="1.0" encoding="utf-8"?><testsuites name="pytest tests"><testsuite name="pytest" errors="0" failures="0" skipped="0" tests="22" time="6.568" timestamp="2026-07-06T15:42:50.859018+00:00" hostname="agent-env-29749927-2bc6-4834-bac0-e367174888e9"><testcase classname="backend.tests.test_iteration_29_assistencias_flow.TestAssistenciasModule" name="test_module_import_and_public_api" time="0.336" /><testcase classname="backend.tests.test_iteration_29_assistencias_flow.TestAssistenciasModule" name="test_module_has_bot_url" time="0.000" /><testcase classname="backend.tests.test_iteration_29_assistencias_flow.TestFlowsRegistry" name="test_registry_keys" time="0.000" /><testcase classname="backend.tests.test_iteration_29_assistencias_flow.TestFlowsRegistry" name="test_registry_assistencias_module" time="0.000" /><testcase classname="backend.tests.test_iteration_29_assistencias_flow.TestAllFlowsList" name="test_all_flows_order" time="0.000" /><testcase classname="backend.tests.test_iteration_29_assistencias_flow.TestMainMenuMarkup" name="test_menu_order_with_all_flows" time="0.000" /><testcase classname="backend.tests.test_iteration_29_assistencias_flow.TestMainMenuMarkup" name="test_menu_order_when_no_flows_key" time="0.000" /><testcase classname="backend.tests.test_iteration_29_assistencias_flow.TestMainMenuMarkup" name="test_menu_hides_assistencias_when_not_allowed" time="0.000" /><testcase classname="backend.tests.test_iteration_29_assistencias_flow.TestMainMenuMarkup" name="test_menu_shows_assistencias_when_only_that_flow" time="0.000" /><testcase classname="backend.tests.test_iteration_29_assistencias_flow.TestMainMenuMarkup" name="test_button_label_registar_assistencia" time="0.000" /><testcase classname="backend.tests.test_iteration_29_assistencias_flow.TestAuthorizedUsersAssistencias" name="test_create_user_with_only_assistencias_flow" time="0.752" /><testcase classname="backend.tests.test_iteration_29_assistencias_flow.TestAuthorizedUsersAssistencias" name="test_default_allowed_flows_includes_assistencias" time="0.190" /><testcase classname="backend.tests.test_iteration_29_assistencias_flow.TestWebhookAssistenciasCallback" name="test_callback_assistencias_authorized_user_returns_200" time="2.025" /><testcase classname="backend.tests.test_iteration_29_assistencias_flow.TestWebhookAssistenciasCallback" name="test_callback_assistencias_seeded_user_without_permission_returns_200" time="0.892" /><testcase classname="backend.tests.test_iteration_29_assistencias_flow.TestWebhookAssistenciasCallback" name="test_callback_assistencias_unauthorized_user_returns_200" time="0.534" /><testcase classname="backend.tests.test_iteration_29_assistencias_flow.TestWebhookAssistenciasCallback" name="test_callback_menu_start_still_works" time="0.640" /><testcase classname="backend.tests.test_iteration_29_assistencias_flow.TestRegression" name="test_webhook_wrong_secret_403" time="0.173" /><testcase classname="backend.tests.test_iteration_29_assistencias_flow.TestRegression" name="test_authorized_users_admin_ok" time="0.105" /><testcase classname="backend.tests.test_iteration_29_assistencias_flow.TestRegression" name="test_authorized_users_agent_forbidden" time="0.515" /><testcase classname="backend.tests.test_iteration_29_assistencias_flow.TestRegression" name="test_pending_users_admin_ok" time="0.106" /><testcase classname="backend.tests.test_iteration_29_assistencias_flow.TestFinanceSmoke" name="test_finance_data_health" time="0.125" /><testcase classname="backend.tests.test_iteration_29_assistencias_flow.TestFinanceSmoke" name="test_finance_dashboard" time="0.105" /></testsuite></testsuites>