<?xml version="1.0" encoding="utf-8"?><testsuites name="pytest tests"><testsuite name="pytest" errors="11" failures="0" skipped="0" tests="13" time="1.114" timestamp="2026-02-25T16:06:49.392226+00:00" hostname="agent-env-4e6f21f2-2574-4ae2-bef4-86d94f935784"><testcase classname="backend.tests.test_quote_pdf_validity.TestQuoteOptionsWithAttachments" name="test_save_quote_options_with_attachment_ids" time="0.684"><error message="failed on setup with &quot;AssertionError: Failed to create ticket: {&quot;id&quot;:&quot;a7ee01de-5771-42fe-b56a-713a1b2a9c8b&quot;,&quot;ticket_number&quot;:&quot;TK202602252FF121&quot;,&quot;created_at&quot;:&quot;2026-02-25T16:06:50.155188+00:00&quot;,&quot;updated_at&quot;:&quot;2026-02-25T16:06:50.155188+00:00&quot;,&quot;channel&quot;:&quot;TELEFONE&quot;,&quot;type&quot;:&quot;INFORMACAO&quot;,&quot;status&quot;:&quot;ABERTO&quot;,&quot;priority&quot;:&quot;NORMAL&quot;,&quot;description&quot;:&quot;Test ticket for PDF quote tests&quot;,&quot;customer_name&quot;:&quot;TEST_QuotePDF Client&quot;,&quot;customer_phone&quot;:&quot;912345678&quot;,&quot;customer_email&quot;:null,&quot;vehicle_plate&quot;:&quot;TEST-01&quot;,&quot;assigned_to_user_id&quot;:null,&quot;assigned_to_name&quot;:null,&quot;created_by_user_id&quot;:&quot;64338867-11d3-4152-9cf9-5fd175c34ea0&quot;,&quot;last_public_message_at&quot;:null,&quot;first_response_done&quot;:false,&quot;sla_due&quot;:&quot;2026-02-25T18:06:50.155228+00:00&quot;,&quot;quote_sent&quot;:false,&quot;quote_value&quot;:null,&quot;quote_response_status&quot;:null,&quot;quote_response_at&quot;:null,&quot;accepted_total&quot;:null,&quot;accepted_count&quot;:null,&quot;quote_valid_until&quot;:null,&quot;is_overdue&quot;:false,&quot;archived_at&quot;:null,&quot;archived_by&quot;:null,&quot;creator_can_edit&quot;:false}&#10;assert 200 == 201&#10; +  where 200 = &lt;Response [200]&gt;.status_code&quot;">backend/tests/test_quote_pdf_validity.py:49: in test_ticket
    assert resp.status_code == 201, f"Failed to create ticket: {resp.text}"
E   AssertionError: Failed to create ticket: {"id":"a7ee01de-5771-42fe-b56a-713a1b2a9c8b","ticket_number":"TK202602252FF121","created_at":"2026-02-25T16:06:50.155188+00:00","updated_at":"2026-02-25T16:06:50.155188+00:00","channel":"TELEFONE","type":"INFORMACAO","status":"ABERTO","priority":"NORMAL","description":"Test ticket for PDF quote tests","customer_name":"TEST_QuotePDF Client","customer_phone":"912345678","customer_email":null,"vehicle_plate":"TEST-01","assigned_to_user_id":null,"assigned_to_name":null,"created_by_user_id":"64338867-11d3-4152-9cf9-5fd175c34ea0","last_public_message_at":null,"first_response_done":false,"sla_due":"2026-02-25T18:06:50.155228+00:00","quote_sent":false,"quote_value":null,"quote_response_status":null,"quote_response_at":null,"accepted_total":null,"accepted_count":null,"quote_valid_until":null,"is_overdue":false,"archived_at":null,"archived_by":null,"creator_can_edit":false}
E   assert 200 == 201
E    +  where 200 = &lt;Response [200]&gt;.status_code</error></testcase><testcase classname="backend.tests.test_quote_pdf_validity.TestQuoteOptionsWithAttachments" name="test_get_quote_options_returns_attachment_ids" time="0.000"><error message="failed on setup with &quot;AssertionError: Failed to create ticket: {&quot;id&quot;:&quot;a7ee01de-5771-42fe-b56a-713a1b2a9c8b&quot;,&quot;ticket_number&quot;:&quot;TK202602252FF121&quot;,&quot;created_at&quot;:&quot;2026-02-25T16:06:50.155188+00:00&quot;,&quot;updated_at&quot;:&quot;2026-02-25T16:06:50.155188+00:00&quot;,&quot;channel&quot;:&quot;TELEFONE&quot;,&quot;type&quot;:&quot;INFORMACAO&quot;,&quot;status&quot;:&quot;ABERTO&quot;,&quot;priority&quot;:&quot;NORMAL&quot;,&quot;description&quot;:&quot;Test ticket for PDF quote tests&quot;,&quot;customer_name&quot;:&quot;TEST_QuotePDF Client&quot;,&quot;customer_phone&quot;:&quot;912345678&quot;,&quot;customer_email&quot;:null,&quot;vehicle_plate&quot;:&quot;TEST-01&quot;,&quot;assigned_to_user_id&quot;:null,&quot;assigned_to_name&quot;:null,&quot;created_by_user_id&quot;:&quot;64338867-11d3-4152-9cf9-5fd175c34ea0&quot;,&quot;last_public_message_at&quot;:null,&quot;first_response_done&quot;:false,&quot;sla_due&quot;:&quot;2026-02-25T18:06:50.155228+00:00&quot;,&quot;quote_sent&quot;:false,&quot;quote_value&quot;:null,&quot;quote_response_status&quot;:null,&quot;quote_response_at&quot;:null,&quot;accepted_total&quot;:null,&quot;accepted_count&quot;:null,&quot;quote_valid_until&quot;:null,&quot;is_overdue&quot;:false,&quot;archived_at&quot;:null,&quot;archived_by&quot;:null,&quot;creator_can_edit&quot;:false}&#10;assert 200 == 201&#10; +  where 200 = &lt;Response [200]&gt;.status_code&quot;">backend/tests/test_quote_pdf_validity.py:49: in test_ticket
    assert resp.status_code == 201, f"Failed to create ticket: {resp.text}"
E   AssertionError: Failed to create ticket: {"id":"a7ee01de-5771-42fe-b56a-713a1b2a9c8b","ticket_number":"TK202602252FF121","created_at":"2026-02-25T16:06:50.155188+00:00","updated_at":"2026-02-25T16:06:50.155188+00:00","channel":"TELEFONE","type":"INFORMACAO","status":"ABERTO","priority":"NORMAL","description":"Test ticket for PDF quote tests","customer_name":"TEST_QuotePDF Client","customer_phone":"912345678","customer_email":null,"vehicle_plate":"TEST-01","assigned_to_user_id":null,"assigned_to_name":null,"created_by_user_id":"64338867-11d3-4152-9cf9-5fd175c34ea0","last_public_message_at":null,"first_response_done":false,"sla_due":"2026-02-25T18:06:50.155228+00:00","quote_sent":false,"quote_value":null,"quote_response_status":null,"quote_response_at":null,"accepted_total":null,"accepted_count":null,"quote_valid_until":null,"is_overdue":false,"archived_at":null,"archived_by":null,"creator_can_edit":false}
E   assert 200 == 201
E    +  where 200 = &lt;Response [200]&gt;.status_code</error></testcase><testcase classname="backend.tests.test_quote_pdf_validity.TestGenerateQuoteLink" name="test_generate_quote_link_sets_valid_until" time="0.000"><error message="failed on setup with &quot;AssertionError: Failed to create ticket: {&quot;id&quot;:&quot;a7ee01de-5771-42fe-b56a-713a1b2a9c8b&quot;,&quot;ticket_number&quot;:&quot;TK202602252FF121&quot;,&quot;created_at&quot;:&quot;2026-02-25T16:06:50.155188+00:00&quot;,&quot;updated_at&quot;:&quot;2026-02-25T16:06:50.155188+00:00&quot;,&quot;channel&quot;:&quot;TELEFONE&quot;,&quot;type&quot;:&quot;INFORMACAO&quot;,&quot;status&quot;:&quot;ABERTO&quot;,&quot;priority&quot;:&quot;NORMAL&quot;,&quot;description&quot;:&quot;Test ticket for PDF quote tests&quot;,&quot;customer_name&quot;:&quot;TEST_QuotePDF Client&quot;,&quot;customer_phone&quot;:&quot;912345678&quot;,&quot;customer_email&quot;:null,&quot;vehicle_plate&quot;:&quot;TEST-01&quot;,&quot;assigned_to_user_id&quot;:null,&quot;assigned_to_name&quot;:null,&quot;created_by_user_id&quot;:&quot;64338867-11d3-4152-9cf9-5fd175c34ea0&quot;,&quot;last_public_message_at&quot;:null,&quot;first_response_done&quot;:false,&quot;sla_due&quot;:&quot;2026-02-25T18:06:50.155228+00:00&quot;,&quot;quote_sent&quot;:false,&quot;quote_value&quot;:null,&quot;quote_response_status&quot;:null,&quot;quote_response_at&quot;:null,&quot;accepted_total&quot;:null,&quot;accepted_count&quot;:null,&quot;quote_valid_until&quot;:null,&quot;is_overdue&quot;:false,&quot;archived_at&quot;:null,&quot;archived_by&quot;:null,&quot;creator_can_edit&quot;:false}&#10;assert 200 == 201&#10; +  where 200 = &lt;Response [200]&gt;.status_code&quot;">backend/tests/test_quote_pdf_validity.py:49: in test_ticket
    assert resp.status_code == 201, f"Failed to create ticket: {resp.text}"
E   AssertionError: Failed to create ticket: {"id":"a7ee01de-5771-42fe-b56a-713a1b2a9c8b","ticket_number":"TK202602252FF121","created_at":"2026-02-25T16:06:50.155188+00:00","updated_at":"2026-02-25T16:06:50.155188+00:00","channel":"TELEFONE","type":"INFORMACAO","status":"ABERTO","priority":"NORMAL","description":"Test ticket for PDF quote tests","customer_name":"TEST_QuotePDF Client","customer_phone":"912345678","customer_email":null,"vehicle_plate":"TEST-01","assigned_to_user_id":null,"assigned_to_name":null,"created_by_user_id":"64338867-11d3-4152-9cf9-5fd175c34ea0","last_public_message_at":null,"first_response_done":false,"sla_due":"2026-02-25T18:06:50.155228+00:00","quote_sent":false,"quote_value":null,"quote_response_status":null,"quote_response_at":null,"accepted_total":null,"accepted_count":null,"quote_valid_until":null,"is_overdue":false,"archived_at":null,"archived_by":null,"creator_can_edit":false}
E   assert 200 == 201
E    +  where 200 = &lt;Response [200]&gt;.status_code</error></testcase><testcase classname="backend.tests.test_quote_pdf_validity.TestGenerateQuoteLink" name="test_generate_quote_link_returns_token" time="0.000"><error message="failed on setup with &quot;AssertionError: Failed to create ticket: {&quot;id&quot;:&quot;a7ee01de-5771-42fe-b56a-713a1b2a9c8b&quot;,&quot;ticket_number&quot;:&quot;TK202602252FF121&quot;,&quot;created_at&quot;:&quot;2026-02-25T16:06:50.155188+00:00&quot;,&quot;updated_at&quot;:&quot;2026-02-25T16:06:50.155188+00:00&quot;,&quot;channel&quot;:&quot;TELEFONE&quot;,&quot;type&quot;:&quot;INFORMACAO&quot;,&quot;status&quot;:&quot;ABERTO&quot;,&quot;priority&quot;:&quot;NORMAL&quot;,&quot;description&quot;:&quot;Test ticket for PDF quote tests&quot;,&quot;customer_name&quot;:&quot;TEST_QuotePDF Client&quot;,&quot;customer_phone&quot;:&quot;912345678&quot;,&quot;customer_email&quot;:null,&quot;vehicle_plate&quot;:&quot;TEST-01&quot;,&quot;assigned_to_user_id&quot;:null,&quot;assigned_to_name&quot;:null,&quot;created_by_user_id&quot;:&quot;64338867-11d3-4152-9cf9-5fd175c34ea0&quot;,&quot;last_public_message_at&quot;:null,&quot;first_response_done&quot;:false,&quot;sla_due&quot;:&quot;2026-02-25T18:06:50.155228+00:00&quot;,&quot;quote_sent&quot;:false,&quot;quote_value&quot;:null,&quot;quote_response_status&quot;:null,&quot;quote_response_at&quot;:null,&quot;accepted_total&quot;:null,&quot;accepted_count&quot;:null,&quot;quote_valid_until&quot;:null,&quot;is_overdue&quot;:false,&quot;archived_at&quot;:null,&quot;archived_by&quot;:null,&quot;creator_can_edit&quot;:false}&#10;assert 200 == 201&#10; +  where 200 = &lt;Response [200]&gt;.status_code&quot;">backend/tests/test_quote_pdf_validity.py:49: in test_ticket
    assert resp.status_code == 201, f"Failed to create ticket: {resp.text}"
E   AssertionError: Failed to create ticket: {"id":"a7ee01de-5771-42fe-b56a-713a1b2a9c8b","ticket_number":"TK202602252FF121","created_at":"2026-02-25T16:06:50.155188+00:00","updated_at":"2026-02-25T16:06:50.155188+00:00","channel":"TELEFONE","type":"INFORMACAO","status":"ABERTO","priority":"NORMAL","description":"Test ticket for PDF quote tests","customer_name":"TEST_QuotePDF Client","customer_phone":"912345678","customer_email":null,"vehicle_plate":"TEST-01","assigned_to_user_id":null,"assigned_to_name":null,"created_by_user_id":"64338867-11d3-4152-9cf9-5fd175c34ea0","last_public_message_at":null,"first_response_done":false,"sla_due":"2026-02-25T18:06:50.155228+00:00","quote_sent":false,"quote_value":null,"quote_response_status":null,"quote_response_at":null,"accepted_total":null,"accepted_count":null,"quote_valid_until":null,"is_overdue":false,"archived_at":null,"archived_by":null,"creator_can_edit":false}
E   assert 200 == 201
E    +  where 200 = &lt;Response [200]&gt;.status_code</error></testcase><testcase classname="backend.tests.test_quote_pdf_validity.TestPublicQuoteEndpoint" name="test_public_quote_returns_quote_valid_until" time="0.000"><error message="failed on setup with &quot;AssertionError: Failed to create ticket: {&quot;id&quot;:&quot;a7ee01de-5771-42fe-b56a-713a1b2a9c8b&quot;,&quot;ticket_number&quot;:&quot;TK202602252FF121&quot;,&quot;created_at&quot;:&quot;2026-02-25T16:06:50.155188+00:00&quot;,&quot;updated_at&quot;:&quot;2026-02-25T16:06:50.155188+00:00&quot;,&quot;channel&quot;:&quot;TELEFONE&quot;,&quot;type&quot;:&quot;INFORMACAO&quot;,&quot;status&quot;:&quot;ABERTO&quot;,&quot;priority&quot;:&quot;NORMAL&quot;,&quot;description&quot;:&quot;Test ticket for PDF quote tests&quot;,&quot;customer_name&quot;:&quot;TEST_QuotePDF Client&quot;,&quot;customer_phone&quot;:&quot;912345678&quot;,&quot;customer_email&quot;:null,&quot;vehicle_plate&quot;:&quot;TEST-01&quot;,&quot;assigned_to_user_id&quot;:null,&quot;assigned_to_name&quot;:null,&quot;created_by_user_id&quot;:&quot;64338867-11d3-4152-9cf9-5fd175c34ea0&quot;,&quot;last_public_message_at&quot;:null,&quot;first_response_done&quot;:false,&quot;sla_due&quot;:&quot;2026-02-25T18:06:50.155228+00:00&quot;,&quot;quote_sent&quot;:false,&quot;quote_value&quot;:null,&quot;quote_response_status&quot;:null,&quot;quote_response_at&quot;:null,&quot;accepted_total&quot;:null,&quot;accepted_count&quot;:null,&quot;quote_valid_until&quot;:null,&quot;is_overdue&quot;:false,&quot;archived_at&quot;:null,&quot;archived_by&quot;:null,&quot;creator_can_edit&quot;:false}&#10;assert 200 == 201&#10; +  where 200 = &lt;Response [200]&gt;.status_code&quot;">backend/tests/test_quote_pdf_validity.py:49: in test_ticket
    assert resp.status_code == 201, f"Failed to create ticket: {resp.text}"
E   AssertionError: Failed to create ticket: {"id":"a7ee01de-5771-42fe-b56a-713a1b2a9c8b","ticket_number":"TK202602252FF121","created_at":"2026-02-25T16:06:50.155188+00:00","updated_at":"2026-02-25T16:06:50.155188+00:00","channel":"TELEFONE","type":"INFORMACAO","status":"ABERTO","priority":"NORMAL","description":"Test ticket for PDF quote tests","customer_name":"TEST_QuotePDF Client","customer_phone":"912345678","customer_email":null,"vehicle_plate":"TEST-01","assigned_to_user_id":null,"assigned_to_name":null,"created_by_user_id":"64338867-11d3-4152-9cf9-5fd175c34ea0","last_public_message_at":null,"first_response_done":false,"sla_due":"2026-02-25T18:06:50.155228+00:00","quote_sent":false,"quote_value":null,"quote_response_status":null,"quote_response_at":null,"accepted_total":null,"accepted_count":null,"quote_valid_until":null,"is_overdue":false,"archived_at":null,"archived_by":null,"creator_can_edit":false}
E   assert 200 == 201
E    +  where 200 = &lt;Response [200]&gt;.status_code</error></testcase><testcase classname="backend.tests.test_quote_pdf_validity.TestPublicQuoteEndpoint" name="test_public_quote_returns_ticket_attachments" time="0.000"><error message="failed on setup with &quot;AssertionError: Failed to create ticket: {&quot;id&quot;:&quot;a7ee01de-5771-42fe-b56a-713a1b2a9c8b&quot;,&quot;ticket_number&quot;:&quot;TK202602252FF121&quot;,&quot;created_at&quot;:&quot;2026-02-25T16:06:50.155188+00:00&quot;,&quot;updated_at&quot;:&quot;2026-02-25T16:06:50.155188+00:00&quot;,&quot;channel&quot;:&quot;TELEFONE&quot;,&quot;type&quot;:&quot;INFORMACAO&quot;,&quot;status&quot;:&quot;ABERTO&quot;,&quot;priority&quot;:&quot;NORMAL&quot;,&quot;description&quot;:&quot;Test ticket for PDF quote tests&quot;,&quot;customer_name&quot;:&quot;TEST_QuotePDF Client&quot;,&quot;customer_phone&quot;:&quot;912345678&quot;,&quot;customer_email&quot;:null,&quot;vehicle_plate&quot;:&quot;TEST-01&quot;,&quot;assigned_to_user_id&quot;:null,&quot;assigned_to_name&quot;:null,&quot;created_by_user_id&quot;:&quot;64338867-11d3-4152-9cf9-5fd175c34ea0&quot;,&quot;last_public_message_at&quot;:null,&quot;first_response_done&quot;:false,&quot;sla_due&quot;:&quot;2026-02-25T18:06:50.155228+00:00&quot;,&quot;quote_sent&quot;:false,&quot;quote_value&quot;:null,&quot;quote_response_status&quot;:null,&quot;quote_response_at&quot;:null,&quot;accepted_total&quot;:null,&quot;accepted_count&quot;:null,&quot;quote_valid_until&quot;:null,&quot;is_overdue&quot;:false,&quot;archived_at&quot;:null,&quot;archived_by&quot;:null,&quot;creator_can_edit&quot;:false}&#10;assert 200 == 201&#10; +  where 200 = &lt;Response [200]&gt;.status_code&quot;">backend/tests/test_quote_pdf_validity.py:49: in test_ticket
    assert resp.status_code == 201, f"Failed to create ticket: {resp.text}"
E   AssertionError: Failed to create ticket: {"id":"a7ee01de-5771-42fe-b56a-713a1b2a9c8b","ticket_number":"TK202602252FF121","created_at":"2026-02-25T16:06:50.155188+00:00","updated_at":"2026-02-25T16:06:50.155188+00:00","channel":"TELEFONE","type":"INFORMACAO","status":"ABERTO","priority":"NORMAL","description":"Test ticket for PDF quote tests","customer_name":"TEST_QuotePDF Client","customer_phone":"912345678","customer_email":null,"vehicle_plate":"TEST-01","assigned_to_user_id":null,"assigned_to_name":null,"created_by_user_id":"64338867-11d3-4152-9cf9-5fd175c34ea0","last_public_message_at":null,"first_response_done":false,"sla_due":"2026-02-25T18:06:50.155228+00:00","quote_sent":false,"quote_value":null,"quote_response_status":null,"quote_response_at":null,"accepted_total":null,"accepted_count":null,"quote_valid_until":null,"is_overdue":false,"archived_at":null,"archived_by":null,"creator_can_edit":false}
E   assert 200 == 201
E    +  where 200 = &lt;Response [200]&gt;.status_code</error></testcase><testcase classname="backend.tests.test_quote_pdf_validity.TestPublicQuoteEndpoint" name="test_public_quote_options_have_attachments_field" time="0.000"><error message="failed on setup with &quot;AssertionError: Failed to create ticket: {&quot;id&quot;:&quot;a7ee01de-5771-42fe-b56a-713a1b2a9c8b&quot;,&quot;ticket_number&quot;:&quot;TK202602252FF121&quot;,&quot;created_at&quot;:&quot;2026-02-25T16:06:50.155188+00:00&quot;,&quot;updated_at&quot;:&quot;2026-02-25T16:06:50.155188+00:00&quot;,&quot;channel&quot;:&quot;TELEFONE&quot;,&quot;type&quot;:&quot;INFORMACAO&quot;,&quot;status&quot;:&quot;ABERTO&quot;,&quot;priority&quot;:&quot;NORMAL&quot;,&quot;description&quot;:&quot;Test ticket for PDF quote tests&quot;,&quot;customer_name&quot;:&quot;TEST_QuotePDF Client&quot;,&quot;customer_phone&quot;:&quot;912345678&quot;,&quot;customer_email&quot;:null,&quot;vehicle_plate&quot;:&quot;TEST-01&quot;,&quot;assigned_to_user_id&quot;:null,&quot;assigned_to_name&quot;:null,&quot;created_by_user_id&quot;:&quot;64338867-11d3-4152-9cf9-5fd175c34ea0&quot;,&quot;last_public_message_at&quot;:null,&quot;first_response_done&quot;:false,&quot;sla_due&quot;:&quot;2026-02-25T18:06:50.155228+00:00&quot;,&quot;quote_sent&quot;:false,&quot;quote_value&quot;:null,&quot;quote_response_status&quot;:null,&quot;quote_response_at&quot;:null,&quot;accepted_total&quot;:null,&quot;accepted_count&quot;:null,&quot;quote_valid_until&quot;:null,&quot;is_overdue&quot;:false,&quot;archived_at&quot;:null,&quot;archived_by&quot;:null,&quot;creator_can_edit&quot;:false}&#10;assert 200 == 201&#10; +  where 200 = &lt;Response [200]&gt;.status_code&quot;">backend/tests/test_quote_pdf_validity.py:49: in test_ticket
    assert resp.status_code == 201, f"Failed to create ticket: {resp.text}"
E   AssertionError: Failed to create ticket: {"id":"a7ee01de-5771-42fe-b56a-713a1b2a9c8b","ticket_number":"TK202602252FF121","created_at":"2026-02-25T16:06:50.155188+00:00","updated_at":"2026-02-25T16:06:50.155188+00:00","channel":"TELEFONE","type":"INFORMACAO","status":"ABERTO","priority":"NORMAL","description":"Test ticket for PDF quote tests","customer_name":"TEST_QuotePDF Client","customer_phone":"912345678","customer_email":null,"vehicle_plate":"TEST-01","assigned_to_user_id":null,"assigned_to_name":null,"created_by_user_id":"64338867-11d3-4152-9cf9-5fd175c34ea0","last_public_message_at":null,"first_response_done":false,"sla_due":"2026-02-25T18:06:50.155228+00:00","quote_sent":false,"quote_value":null,"quote_response_status":null,"quote_response_at":null,"accepted_total":null,"accepted_count":null,"quote_valid_until":null,"is_overdue":false,"archived_at":null,"archived_by":null,"creator_can_edit":false}
E   assert 200 == 201
E    +  where 200 = &lt;Response [200]&gt;.status_code</error></testcase><testcase classname="backend.tests.test_quote_pdf_validity.TestPublicDownloadEndpoint" name="test_public_download_with_invalid_token" time="0.113" /><testcase classname="backend.tests.test_quote_pdf_validity.TestPublicDownloadEndpoint" name="test_public_download_with_invalid_attachment" time="0.000"><error message="failed on setup with &quot;AssertionError: Failed to create ticket: {&quot;id&quot;:&quot;a7ee01de-5771-42fe-b56a-713a1b2a9c8b&quot;,&quot;ticket_number&quot;:&quot;TK202602252FF121&quot;,&quot;created_at&quot;:&quot;2026-02-25T16:06:50.155188+00:00&quot;,&quot;updated_at&quot;:&quot;2026-02-25T16:06:50.155188+00:00&quot;,&quot;channel&quot;:&quot;TELEFONE&quot;,&quot;type&quot;:&quot;INFORMACAO&quot;,&quot;status&quot;:&quot;ABERTO&quot;,&quot;priority&quot;:&quot;NORMAL&quot;,&quot;description&quot;:&quot;Test ticket for PDF quote tests&quot;,&quot;customer_name&quot;:&quot;TEST_QuotePDF Client&quot;,&quot;customer_phone&quot;:&quot;912345678&quot;,&quot;customer_email&quot;:null,&quot;vehicle_plate&quot;:&quot;TEST-01&quot;,&quot;assigned_to_user_id&quot;:null,&quot;assigned_to_name&quot;:null,&quot;created_by_user_id&quot;:&quot;64338867-11d3-4152-9cf9-5fd175c34ea0&quot;,&quot;last_public_message_at&quot;:null,&quot;first_response_done&quot;:false,&quot;sla_due&quot;:&quot;2026-02-25T18:06:50.155228+00:00&quot;,&quot;quote_sent&quot;:false,&quot;quote_value&quot;:null,&quot;quote_response_status&quot;:null,&quot;quote_response_at&quot;:null,&quot;accepted_total&quot;:null,&quot;accepted_count&quot;:null,&quot;quote_valid_until&quot;:null,&quot;is_overdue&quot;:false,&quot;archived_at&quot;:null,&quot;archived_by&quot;:null,&quot;creator_can_edit&quot;:false}&#10;assert 200 == 201&#10; +  where 200 = &lt;Response [200]&gt;.status_code&quot;">backend/tests/test_quote_pdf_validity.py:49: in test_ticket
    assert resp.status_code == 201, f"Failed to create ticket: {resp.text}"
E   AssertionError: Failed to create ticket: {"id":"a7ee01de-5771-42fe-b56a-713a1b2a9c8b","ticket_number":"TK202602252FF121","created_at":"2026-02-25T16:06:50.155188+00:00","updated_at":"2026-02-25T16:06:50.155188+00:00","channel":"TELEFONE","type":"INFORMACAO","status":"ABERTO","priority":"NORMAL","description":"Test ticket for PDF quote tests","customer_name":"TEST_QuotePDF Client","customer_phone":"912345678","customer_email":null,"vehicle_plate":"TEST-01","assigned_to_user_id":null,"assigned_to_name":null,"created_by_user_id":"64338867-11d3-4152-9cf9-5fd175c34ea0","last_public_message_at":null,"first_response_done":false,"sla_due":"2026-02-25T18:06:50.155228+00:00","quote_sent":false,"quote_value":null,"quote_response_status":null,"quote_response_at":null,"accepted_total":null,"accepted_count":null,"quote_valid_until":null,"is_overdue":false,"archived_at":null,"archived_by":null,"creator_can_edit":false}
E   assert 200 == 201
E    +  where 200 = &lt;Response [200]&gt;.status_code</error></testcase><testcase classname="backend.tests.test_quote_pdf_validity.TestPublicDownloadEndpoint" name="test_public_download_endpoint_exists" time="0.000"><error message="failed on setup with &quot;AssertionError: Failed to create ticket: {&quot;id&quot;:&quot;a7ee01de-5771-42fe-b56a-713a1b2a9c8b&quot;,&quot;ticket_number&quot;:&quot;TK202602252FF121&quot;,&quot;created_at&quot;:&quot;2026-02-25T16:06:50.155188+00:00&quot;,&quot;updated_at&quot;:&quot;2026-02-25T16:06:50.155188+00:00&quot;,&quot;channel&quot;:&quot;TELEFONE&quot;,&quot;type&quot;:&quot;INFORMACAO&quot;,&quot;status&quot;:&quot;ABERTO&quot;,&quot;priority&quot;:&quot;NORMAL&quot;,&quot;description&quot;:&quot;Test ticket for PDF quote tests&quot;,&quot;customer_name&quot;:&quot;TEST_QuotePDF Client&quot;,&quot;customer_phone&quot;:&quot;912345678&quot;,&quot;customer_email&quot;:null,&quot;vehicle_plate&quot;:&quot;TEST-01&quot;,&quot;assigned_to_user_id&quot;:null,&quot;assigned_to_name&quot;:null,&quot;created_by_user_id&quot;:&quot;64338867-11d3-4152-9cf9-5fd175c34ea0&quot;,&quot;last_public_message_at&quot;:null,&quot;first_response_done&quot;:false,&quot;sla_due&quot;:&quot;2026-02-25T18:06:50.155228+00:00&quot;,&quot;quote_sent&quot;:false,&quot;quote_value&quot;:null,&quot;quote_response_status&quot;:null,&quot;quote_response_at&quot;:null,&quot;accepted_total&quot;:null,&quot;accepted_count&quot;:null,&quot;quote_valid_until&quot;:null,&quot;is_overdue&quot;:false,&quot;archived_at&quot;:null,&quot;archived_by&quot;:null,&quot;creator_can_edit&quot;:false}&#10;assert 200 == 201&#10; +  where 200 = &lt;Response [200]&gt;.status_code&quot;">backend/tests/test_quote_pdf_validity.py:49: in test_ticket
    assert resp.status_code == 201, f"Failed to create ticket: {resp.text}"
E   AssertionError: Failed to create ticket: {"id":"a7ee01de-5771-42fe-b56a-713a1b2a9c8b","ticket_number":"TK202602252FF121","created_at":"2026-02-25T16:06:50.155188+00:00","updated_at":"2026-02-25T16:06:50.155188+00:00","channel":"TELEFONE","type":"INFORMACAO","status":"ABERTO","priority":"NORMAL","description":"Test ticket for PDF quote tests","customer_name":"TEST_QuotePDF Client","customer_phone":"912345678","customer_email":null,"vehicle_plate":"TEST-01","assigned_to_user_id":null,"assigned_to_name":null,"created_by_user_id":"64338867-11d3-4152-9cf9-5fd175c34ea0","last_public_message_at":null,"first_response_done":false,"sla_due":"2026-02-25T18:06:50.155228+00:00","quote_sent":false,"quote_value":null,"quote_response_status":null,"quote_response_at":null,"accepted_total":null,"accepted_count":null,"quote_valid_until":null,"is_overdue":false,"archived_at":null,"archived_by":null,"creator_can_edit":false}
E   assert 200 == 201
E    +  where 200 = &lt;Response [200]&gt;.status_code</error></testcase><testcase classname="backend.tests.test_quote_pdf_validity.TestQuoteExpiry" name="test_respond_to_expired_quote_returns_400" time="0.000"><error message="failed on setup with &quot;AssertionError: Failed to create ticket: {&quot;id&quot;:&quot;a7ee01de-5771-42fe-b56a-713a1b2a9c8b&quot;,&quot;ticket_number&quot;:&quot;TK202602252FF121&quot;,&quot;created_at&quot;:&quot;2026-02-25T16:06:50.155188+00:00&quot;,&quot;updated_at&quot;:&quot;2026-02-25T16:06:50.155188+00:00&quot;,&quot;channel&quot;:&quot;TELEFONE&quot;,&quot;type&quot;:&quot;INFORMACAO&quot;,&quot;status&quot;:&quot;ABERTO&quot;,&quot;priority&quot;:&quot;NORMAL&quot;,&quot;description&quot;:&quot;Test ticket for PDF quote tests&quot;,&quot;customer_name&quot;:&quot;TEST_QuotePDF Client&quot;,&quot;customer_phone&quot;:&quot;912345678&quot;,&quot;customer_email&quot;:null,&quot;vehicle_plate&quot;:&quot;TEST-01&quot;,&quot;assigned_to_user_id&quot;:null,&quot;assigned_to_name&quot;:null,&quot;created_by_user_id&quot;:&quot;64338867-11d3-4152-9cf9-5fd175c34ea0&quot;,&quot;last_public_message_at&quot;:null,&quot;first_response_done&quot;:false,&quot;sla_due&quot;:&quot;2026-02-25T18:06:50.155228+00:00&quot;,&quot;quote_sent&quot;:false,&quot;quote_value&quot;:null,&quot;quote_response_status&quot;:null,&quot;quote_response_at&quot;:null,&quot;accepted_total&quot;:null,&quot;accepted_count&quot;:null,&quot;quote_valid_until&quot;:null,&quot;is_overdue&quot;:false,&quot;archived_at&quot;:null,&quot;archived_by&quot;:null,&quot;creator_can_edit&quot;:false}&#10;assert 200 == 201&#10; +  where 200 = &lt;Response [200]&gt;.status_code&quot;">backend/tests/test_quote_pdf_validity.py:49: in test_ticket
    assert resp.status_code == 201, f"Failed to create ticket: {resp.text}"
E   AssertionError: Failed to create ticket: {"id":"a7ee01de-5771-42fe-b56a-713a1b2a9c8b","ticket_number":"TK202602252FF121","created_at":"2026-02-25T16:06:50.155188+00:00","updated_at":"2026-02-25T16:06:50.155188+00:00","channel":"TELEFONE","type":"INFORMACAO","status":"ABERTO","priority":"NORMAL","description":"Test ticket for PDF quote tests","customer_name":"TEST_QuotePDF Client","customer_phone":"912345678","customer_email":null,"vehicle_plate":"TEST-01","assigned_to_user_id":null,"assigned_to_name":null,"created_by_user_id":"64338867-11d3-4152-9cf9-5fd175c34ea0","last_public_message_at":null,"first_response_done":false,"sla_due":"2026-02-25T18:06:50.155228+00:00","quote_sent":false,"quote_value":null,"quote_response_status":null,"quote_response_at":null,"accepted_total":null,"accepted_count":null,"quote_valid_until":null,"is_overdue":false,"archived_at":null,"archived_by":null,"creator_can_edit":false}
E   assert 200 == 201
E    +  where 200 = &lt;Response [200]&gt;.status_code</error></testcase><testcase classname="backend.tests.test_quote_pdf_validity.TestQuoteExpiry" name="test_respond_to_valid_quote_succeeds" time="0.000"><error message="failed on setup with &quot;AssertionError: Failed to create ticket: {&quot;id&quot;:&quot;a7ee01de-5771-42fe-b56a-713a1b2a9c8b&quot;,&quot;ticket_number&quot;:&quot;TK202602252FF121&quot;,&quot;created_at&quot;:&quot;2026-02-25T16:06:50.155188+00:00&quot;,&quot;updated_at&quot;:&quot;2026-02-25T16:06:50.155188+00:00&quot;,&quot;channel&quot;:&quot;TELEFONE&quot;,&quot;type&quot;:&quot;INFORMACAO&quot;,&quot;status&quot;:&quot;ABERTO&quot;,&quot;priority&quot;:&quot;NORMAL&quot;,&quot;description&quot;:&quot;Test ticket for PDF quote tests&quot;,&quot;customer_name&quot;:&quot;TEST_QuotePDF Client&quot;,&quot;customer_phone&quot;:&quot;912345678&quot;,&quot;customer_email&quot;:null,&quot;vehicle_plate&quot;:&quot;TEST-01&quot;,&quot;assigned_to_user_id&quot;:null,&quot;assigned_to_name&quot;:null,&quot;created_by_user_id&quot;:&quot;64338867-11d3-4152-9cf9-5fd175c34ea0&quot;,&quot;last_public_message_at&quot;:null,&quot;first_response_done&quot;:false,&quot;sla_due&quot;:&quot;2026-02-25T18:06:50.155228+00:00&quot;,&quot;quote_sent&quot;:false,&quot;quote_value&quot;:null,&quot;quote_response_status&quot;:null,&quot;quote_response_at&quot;:null,&quot;accepted_total&quot;:null,&quot;accepted_count&quot;:null,&quot;quote_valid_until&quot;:null,&quot;is_overdue&quot;:false,&quot;archived_at&quot;:null,&quot;archived_by&quot;:null,&quot;creator_can_edit&quot;:false}&#10;assert 200 == 201&#10; +  where 200 = &lt;Response [200]&gt;.status_code&quot;">backend/tests/test_quote_pdf_validity.py:49: in test_ticket
    assert resp.status_code == 201, f"Failed to create ticket: {resp.text}"
E   AssertionError: Failed to create ticket: {"id":"a7ee01de-5771-42fe-b56a-713a1b2a9c8b","ticket_number":"TK202602252FF121","created_at":"2026-02-25T16:06:50.155188+00:00","updated_at":"2026-02-25T16:06:50.155188+00:00","channel":"TELEFONE","type":"INFORMACAO","status":"ABERTO","priority":"NORMAL","description":"Test ticket for PDF quote tests","customer_name":"TEST_QuotePDF Client","customer_phone":"912345678","customer_email":null,"vehicle_plate":"TEST-01","assigned_to_user_id":null,"assigned_to_name":null,"created_by_user_id":"64338867-11d3-4152-9cf9-5fd175c34ea0","last_public_message_at":null,"first_response_done":false,"sla_due":"2026-02-25T18:06:50.155228+00:00","quote_sent":false,"quote_value":null,"quote_response_status":null,"quote_response_at":null,"accepted_total":null,"accepted_count":null,"quote_valid_until":null,"is_overdue":false,"archived_at":null,"archived_by":null,"creator_can_edit":false}
E   assert 200 == 201
E    +  where 200 = &lt;Response [200]&gt;.status_code</error></testcase><testcase classname="backend.tests.test_quote_pdf_validity.TestPublicQuoteInvalidToken" name="test_invalid_token_returns_404" time="0.121" /></testsuite></testsuites>