<?xml version="1.0" encoding="utf-8"?><testsuites name="pytest tests"><testsuite name="pytest" errors="0" failures="0" skipped="0" tests="12" time="6.470" timestamp="2026-04-09T00:00:53.900692+00:00" hostname="agent-env-1debbdec-d8c0-46ef-a96d-e895cde26512"><testcase classname="backend.tests.test_acceptance_questionnaire.TestAcceptanceQuestionnaire" name="test_acceptance_with_agendar_intent" time="0.764" /><testcase classname="backend.tests.test_acceptance_questionnaire.TestAcceptanceQuestionnaire" name="test_acceptance_with_avancar_intent" time="0.694" /><testcase classname="backend.tests.test_acceptance_questionnaire.TestAcceptanceQuestionnaire" name="test_acceptance_with_contactar_intent" time="0.630" /><testcase classname="backend.tests.test_acceptance_questionnaire.TestAcceptanceQuestionnaire" name="test_acceptance_with_tarde_period" time="0.637" /><testcase classname="backend.tests.test_acceptance_questionnaire.TestAcceptanceQuestionnaire" name="test_rejection_still_works" time="0.620" /><testcase classname="backend.tests.test_acceptance_questionnaire.TestAcceptanceQuestionnaire" name="test_public_branding_endpoint" time="0.140" /><testcase classname="backend.tests.test_acceptance_questionnaire.TestAcceptanceQuestionnaire" name="test_public_quote_get_endpoint" time="0.675" /><testcase classname="backend.tests.test_acceptance_questionnaire.TestAcceptanceQuestionnaire" name="test_login_flow" time="0.374" /><testcase classname="backend.tests.test_acceptance_questionnaire.TestAcceptanceQuestionnaire" name="test_tire_analysis_report" time="0.423" /><testcase classname="backend.tests.test_acceptance_questionnaire.TestAcceptanceQuestionnaire" name="test_acceptance_without_intent_still_works" time="0.613" /><testcase classname="backend.tests.test_acceptance_questionnaire.TestAcceptanceQuestionnaireValidation" name="test_cannot_respond_twice" time="0.706" /><testcase classname="backend.tests.test_acceptance_questionnaire.TestAcceptanceQuestionnaireValidation" name="test_invalid_token_returns_404" time="0.119" /></testsuite></testsuites>