<?xml version="1.0" encoding="utf-8"?><testsuites name="pytest tests"><testsuite name="pytest" errors="0" failures="0" skipped="0" tests="15" time="13.879" timestamp="2026-05-19T23:55:25.950090+00:00" hostname="agent-env-1debbdec-d8c0-46ef-a96d-e895cde26512"><testcase classname="backend.tests.test_iteration_21_pdpv_internal.TestIntakeStatsAndList" name="test_intake_stats_ok" time="0.637" /><testcase classname="backend.tests.test_iteration_21_pdpv_internal.TestIntakeStatsAndList" name="test_intake_list_pagination_and_optional_fields" time="0.176" /><testcase classname="backend.tests.test_iteration_21_pdpv_internal.TestInternalWebhookSecurity" name="test_webhook_wrong_secret_returns_401" time="0.108" /><testcase classname="backend.tests.test_iteration_21_pdpv_internal.TestInternalWebhookSecurity" name="test_unauthorized_user_does_not_create_intake" time="1.279" /><testcase classname="backend.tests.test_iteration_21_pdpv_internal.TestInternalWebhookAuthorizedFlow" name="test_authorized_pre_ticket_creates_intake" time="9.537" /><testcase classname="backend.tests.test_iteration_21_pdpv_internal.TestInternalWebhookAuthorizedFlow" name="test_pre_tickets_collection_remains_unused" time="0.137" /><testcase classname="backend.tests.test_iteration_21_pdpv_internal.TestIntakePutAIExtracted" name="test_update_ai_extracted_and_validated_by" time="0.216" /><testcase classname="backend.tests.test_iteration_21_pdpv_internal.TestIntakeConvert" name="test_convert_creates_ticket_and_marks_intake" time="0.235" /><testcase classname="backend.tests.test_iteration_21_pdpv_internal.TestAttachmentProxyAuth" name="test_attachment_proxy_requires_auth" time="0.334" /><testcase classname="backend.tests.test_iteration_21_pdpv_internal.TestAdminTelegramInternal" name="test_get_authorized_users_without_auth" time="0.112" /><testcase classname="backend.tests.test_iteration_21_pdpv_internal.TestAdminTelegramInternal" name="test_get_authorized_users_with_admin" time="0.136" /><testcase classname="backend.tests.test_iteration_21_pdpv_internal.TestAdminTelegramInternal" name="test_post_authorized_user_requires_admin" time="0.106" /><testcase classname="backend.tests.test_iteration_21_pdpv_internal.TestOtherWebhooks" name="test_old_telegram_webhook_ok" time="0.122" /><testcase classname="backend.tests.test_iteration_21_pdpv_internal.TestOtherWebhooks" name="test_renting_webhook_ok" time="0.524" /><testcase classname="backend.tests.test_iteration_21_pdpv_internal.TestOtherWebhooks" name="test_telegram_alerts_webhook_ok_if_exists" time="0.138" /></testsuite></testsuites>