<?xml version="1.0" encoding="utf-8"?><testsuites name="pytest tests"><testsuite name="pytest" errors="0" failures="0" skipped="0" tests="11" time="9.450" timestamp="2026-02-21T00:36:38.141227+00:00" hostname="agent-env-bf4af7af-4b45-4934-a364-7733dffdd9f8"><testcase classname="backend.tests.test_ticket_statuses_iteration8.TestTicketStatusesAPI" name="test_get_ticket_statuses_returns_all_statuses" time="0.615" /><testcase classname="backend.tests.test_ticket_statuses_iteration8.TestTicketStatusesAPI" name="test_statuses_have_is_auto_flag" time="0.561" /><testcase classname="backend.tests.test_ticket_statuses_iteration8.TestTicketStatusesAPI" name="test_aceite_link_has_is_auto_true" time="0.500" /><testcase classname="backend.tests.test_ticket_statuses_iteration8.TestTicketStatusesAPI" name="test_rejeitado_link_has_is_auto_true" time="0.482" /><testcase classname="backend.tests.test_ticket_statuses_iteration8.TestTicketStatusesAPI" name="test_manual_statuses_have_is_auto_false" time="0.514" /><testcase classname="backend.tests.test_ticket_statuses_iteration8.TestTicketStatusesAPI" name="test_agendado_status_exists_with_correct_label" time="0.594" /><testcase classname="backend.tests.test_ticket_statuses_iteration8.TestQuoteLinkResponse" name="test_create_ticket_generate_link_and_accept" time="1.208" /><testcase classname="backend.tests.test_ticket_statuses_iteration8.TestQuoteLinkResponse" name="test_create_ticket_generate_link_and_reject" time="1.119" /><testcase classname="backend.tests.test_ticket_statuses_iteration8.TestQuoteLinkResponse" name="test_public_quote_endpoint_requires_no_auth" time="1.104" /><testcase classname="backend.tests.test_ticket_statuses_iteration8.TestStatusChangeValidation" name="test_can_change_status_to_agendado_manually" time="0.853" /><testcase classname="backend.tests.test_ticket_statuses_iteration8.TestStatusChangeValidation" name="test_can_change_status_through_all_manual_options" time="1.835" /></testsuite></testsuites>