<?xml version="1.0" encoding="utf-8"?><testsuites name="pytest tests"><testsuite name="pytest" errors="0" failures="2" skipped="0" tests="21" time="11.815" timestamp="2026-02-15T00:21:49.919343+00:00" hostname="agent-env-591facb0-6123-4270-a8b1-bbb38528ac33"><testcase classname="backend.tests.test_p1_p2_p4_features.TestAdminAuth" name="test_admin_login" time="0.507" /><testcase classname="backend.tests.test_p1_p2_p4_features.TestP2AdminTicketTypes" name="test_get_ticket_types_admin" time="0.543" /><testcase classname="backend.tests.test_p1_p2_p4_features.TestP2AdminTicketTypes" name="test_get_ticket_types_supervisor_forbidden" time="0.495" /><testcase classname="backend.tests.test_p1_p2_p4_features.TestP2AdminTicketTypes" name="test_create_ticket_type_admin" time="0.125" /><testcase classname="backend.tests.test_p1_p2_p4_features.TestP2AdminTicketTypes" name="test_update_ticket_type_admin" time="0.338" /><testcase classname="backend.tests.test_p1_p2_p4_features.TestP2AdminTicketStatuses" name="test_get_ticket_statuses_admin" time="0.506" /><testcase classname="backend.tests.test_p1_p2_p4_features.TestP2AdminTicketStatuses" name="test_create_ticket_status_admin" time="0.146" /><testcase classname="backend.tests.test_p1_p2_p4_features.TestP2AdminSlaConfig" name="test_get_sla_config_admin" time="0.506" /><testcase classname="backend.tests.test_p1_p2_p4_features.TestP2AdminSlaConfig" name="test_update_sla_config_admin" time="0.548" /><testcase classname="backend.tests.test_p1_p2_p4_features.TestP4QuoteLinkGeneration" name="test_generate_quote_link" time="1.184" /><testcase classname="backend.tests.test_p1_p2_p4_features.TestP4QuoteLinkGeneration" name="test_generate_quote_link_no_quote_value" time="0.463" /><testcase classname="backend.tests.test_p1_p2_p4_features.TestP4PublicQuoteResponse" name="test_get_public_quote_no_auth" time="1.514" /><testcase classname="backend.tests.test_p1_p2_p4_features.TestP4PublicQuoteResponse" name="test_get_public_quote_invalid_token" time="0.163" /><testcase classname="backend.tests.test_p1_p2_p4_features.TestP4PublicQuoteResponse" name="test_respond_to_quote_accept" time="0.985"><failure message="KeyError: 'quote_response_status'">backend/tests/test_p1_p2_p4_features.py:444: in test_respond_to_quote_accept
    assert ticket_data["quote_response_status"] == "ACCEPTED"
           ^^^^^^^^^^^^^^^^^^^^^^^^^^^^^^^^^^^^
E   KeyError: 'quote_response_status'</failure></testcase><testcase classname="backend.tests.test_p1_p2_p4_features.TestP4PublicQuoteResponse" name="test_respond_to_quote_reject" time="0.972"><failure message="KeyError: 'quote_response_status'">backend/tests/test_p1_p2_p4_features.py:500: in test_respond_to_quote_reject
    assert ticket_data["quote_response_status"] == "REJECTED"
           ^^^^^^^^^^^^^^^^^^^^^^^^^^^^^^^^^^^^
E   KeyError: 'quote_response_status'</failure></testcase><testcase classname="backend.tests.test_p1_p2_p4_features.TestP4PublicQuoteResponse" name="test_respond_twice_fails" time="0.264" /><testcase classname="backend.tests.test_p1_p2_p4_features.TestP1Attachments" name="test_upload_attachment" time="0.608" /><testcase classname="backend.tests.test_p1_p2_p4_features.TestP1Attachments" name="test_list_attachments" time="0.118" /><testcase classname="backend.tests.test_p1_p2_p4_features.TestP1Attachments" name="test_send_message_with_attachments" time="0.271" /><testcase classname="backend.tests.test_p1_p2_p4_features.TestP1Attachments" name="test_get_messages_with_attachments" time="0.150" /><testcase classname="backend.tests.test_p1_p2_p4_features.TestCleanup" name="test_cleanup_test_data" time="1.288" /></testsuite></testsuites>