<?xml version="1.0" encoding="utf-8"?><testsuites name="pytest tests"><testsuite name="pytest" errors="0" failures="0" skipped="0" tests="14" time="4.332" timestamp="2026-07-06T15:23:41.684694+00:00" hostname="agent-env-29749927-2bc6-4834-bac0-e367174888e9"><testcase classname="backend.tests.test_telegram_internal_pending_users.TestAuthRegression" name="test_admin_login_ok" time="0.386" /><testcase classname="backend.tests.test_telegram_internal_pending_users.TestPendingUsersAuthMatrix" name="test_pending_users_requires_auth" time="0.113" /><testcase classname="backend.tests.test_telegram_internal_pending_users.TestPendingUsersAuthMatrix" name="test_pending_users_agent_forbidden" time="0.452" /><testcase classname="backend.tests.test_telegram_internal_pending_users.TestPendingUsersAuthMatrix" name="test_pending_users_admin_ok" time="0.457" /><testcase classname="backend.tests.test_telegram_internal_pending_users.TestAuthorizedUsersRegression" name="test_list_authorized_admin_ok" time="0.110" /><testcase classname="backend.tests.test_telegram_internal_pending_users.TestAuthorizedUsersRegression" name="test_upsert_authorized_admin_ok" time="0.173" /><testcase classname="backend.tests.test_telegram_internal_pending_users.TestAuthorizedUsersRegression" name="test_authorized_users_requires_admin" time="0.114" /><testcase classname="backend.tests.test_telegram_internal_pending_users.TestWebhookSecret" name="test_webhook_wrong_secret_403" time="0.108" /><testcase classname="backend.tests.test_telegram_internal_pending_users.TestWebhookSecret" name="test_webhook_no_secret_header_403" time="0.102" /><testcase classname="backend.tests.test_telegram_internal_pending_users.TestWebhookUnauthorizedFlow" name="test_webhook_valid_secret_unauthorized_returns_200" time="0.550" /><testcase classname="backend.tests.test_telegram_internal_pending_users.TestWebhookUnauthorizedFlow" name="test_pending_users_now_includes_new_user" time="1.344" /><testcase classname="backend.tests.test_telegram_internal_pending_users.TestPendingUsersHistorical" name="test_historical_users_present" time="0.110" /><testcase classname="backend.tests.test_telegram_internal_pending_users.TestFinanceRegression" name="test_finance_data_health_admin" time="0.108" /><testcase classname="backend.tests.test_telegram_internal_pending_users.TestFinanceRegression" name="test_finance_dashboard_admin" time="0.130" /></testsuite></testsuites>