<?xml version="1.0" encoding="utf-8"?><testsuites name="pytest tests"><testsuite name="pytest" errors="0" failures="0" skipped="0" tests="8" time="3.405" timestamp="2026-02-24T11:50:38.999144+00:00" hostname="agent-env-36c04419-dcc0-4d29-8527-e7587c3a5d13"><testcase classname="backend.tests.test_status_bug_fixes.TestStatusBugFixes" name="test_aceite_link_status_exists_and_is_auto" time="0.578" /><testcase classname="backend.tests.test_status_bug_fixes.TestStatusBugFixes" name="test_rejeitado_link_status_exists_and_is_auto" time="0.115" /><testcase classname="backend.tests.test_status_bug_fixes.TestStatusBugFixes" name="test_ticket_with_aceite_link_status_returns_correctly" time="0.106" /><testcase classname="backend.tests.test_status_bug_fixes.TestStatusBugFixes" name="test_auto_status_change_on_assignment" time="0.458" /><testcase classname="backend.tests.test_status_bug_fixes.TestStatusBugFixes" name="test_status_does_not_change_if_not_aberto" time="0.814" /><testcase classname="backend.tests.test_status_bug_fixes.TestStatusBugFixes" name="test_quote_link_generation" time="0.490" /><testcase classname="backend.tests.test_status_bug_fixes.TestStatusBugFixes" name="test_all_status_labels_and_colors_exist" time="0.103" /><testcase classname="backend.tests.test_status_bug_fixes.TestTicketStatusIntegration" name="test_manual_statuses_are_editable" time="0.675" /></testsuite></testsuites>