<?xml version="1.0" encoding="utf-8"?><testsuites name="pytest tests"><testsuite name="pytest" errors="0" failures="2" skipped="1" tests="23" time="5.857" timestamp="2026-02-25T17:17:20.713860+00:00" hostname="agent-env-4e6f21f2-2574-4ae2-bef4-86d94f935784"><testcase classname="backend.tests.test_public_reply.TestPublicReplyGet" name="test_get_public_reply_valid_token" time="0.301" /><testcase classname="backend.tests.test_public_reply.TestPublicReplyGet" name="test_get_public_reply_returns_ticket_number" time="0.160" /><testcase classname="backend.tests.test_public_reply.TestPublicReplyGet" name="test_get_public_reply_returns_customer_name" time="0.174" /><testcase classname="backend.tests.test_public_reply.TestPublicReplyGet" name="test_get_public_reply_returns_required_fields" time="0.124" /><testcase classname="backend.tests.test_public_reply.TestPublicReplyGet" name="test_get_public_reply_no_auth_required" time="0.145" /><testcase classname="backend.tests.test_public_reply.TestPublicReplyGet" name="test_get_public_reply_invalid_token_returns_404" time="0.168" /><testcase classname="backend.tests.test_public_reply.TestPublicReplyGet" name="test_get_public_reply_random_uuid_returns_404" time="0.183" /><testcase classname="backend.tests.test_public_reply.TestGenerateReplyLink" name="test_generate_reply_link_returns_token" time="0.517" /><testcase classname="backend.tests.test_public_reply.TestGenerateReplyLink" name="test_generate_reply_link_returns_expires_at" time="0.216" /><testcase classname="backend.tests.test_public_reply.TestGenerateReplyLink" name="test_generate_reply_link_idempotent" time="0.328" /><testcase classname="backend.tests.test_public_reply.TestGenerateReplyLink" name="test_generate_reply_link_requires_auth" time="0.144" /><testcase classname="backend.tests.test_public_reply.TestGenerateReplyLink" name="test_generate_reply_link_nonexistent_ticket_returns_404" time="0.211" /><testcase classname="backend.tests.test_public_reply.TestTicketReplyLinkToken" name="test_get_ticket_returns_reply_link_token" time="0.445" /><testcase classname="backend.tests.test_public_reply.TestSubmitPublicReply" name="test_submit_reply_creates_message" time="0.207" /><testcase classname="backend.tests.test_public_reply.TestSubmitPublicReply" name="test_submit_reply_returns_success_status" time="0.162" /><testcase classname="backend.tests.test_public_reply.TestSubmitPublicReply" name="test_submit_reply_message_is_from_customer" time="0.391" /><testcase classname="backend.tests.test_public_reply.TestSubmitPublicReply" name="test_submit_reply_messages_have_from_customer_field" time="0.564" /><testcase classname="backend.tests.test_public_reply.TestSubmitPublicReply" name="test_submit_reply_invalid_token_returns_404" time="0.127" /><testcase classname="backend.tests.test_public_reply.TestSubmitPublicReply" name="test_submit_reply_no_auth_required" time="0.160" /><testcase classname="backend.tests.test_public_reply.TestSubmitPublicReply" name="test_submit_reply_with_file_upload" time="0.499"><failure message="AssertionError: Expected 200, got 422: {&quot;detail&quot;:[{&quot;type&quot;:&quot;list_type&quot;,&quot;loc&quot;:[&quot;body&quot;,&quot;files&quot;],&quot;msg&quot;:&quot;Input should be a valid list&quot;,&quot;input&quot;:{&quot;filename&quot;:&quot;test_attachment.txt&quot;,&quot;file&quot;:{&quot;_file&quot;:{},&quot;_max_size&quot;:1048576,&quot;_rolled&quot;:false,&quot;_TemporaryFileArgs&quot;:{&quot;mode&quot;:&quot;w+b&quot;,&quot;buffering&quot;:-1,&quot;suffix&quot;:null,&quot;prefix&quot;:null,&quot;encoding&quot;:null,&quot;newline&quot;:null,&quot;dir&quot;:null,&quot;errors&quot;:null}},&quot;size&quot;:54,&quot;headers&quot;:{&quot;content-disposition&quot;:&quot;form-data; name=\&quot;files\&quot;; filename=\&quot;test_attachment.txt\&quot;&quot;,&quot;content-type&quot;:&quot;text/plain&quot;}},&quot;url&quot;:&quot;https://errors.pydantic.dev/2.12/v/list_type&quot;}]}&#10;assert 422 == 200&#10; +  where 422 = &lt;Response [422]&gt;.status_code">backend/tests/test_public_reply.py:279: in test_submit_reply_with_file_upload
    assert response.status_code == 200, f"Expected 200, got {response.status_code}: {response.text}"
E   AssertionError: Expected 200, got 422: {"detail":[{"type":"list_type","loc":["body","files"],"msg":"Input should be a valid list","input":{"filename":"test_attachment.txt","file":{"_file":{},"_max_size":1048576,"_rolled":false,"_TemporaryFileArgs":{"mode":"w+b","buffering":-1,"suffix":null,"prefix":null,"encoding":null,"newline":null,"dir":null,"errors":null}},"size":54,"headers":{"content-disposition":"form-data; name=\"files\"; filename=\"test_attachment.txt\"","content-type":"text/plain"}},"url":"https://errors.pydantic.dev/2.12/v/list_type"}]}
E   assert 422 == 200
E    +  where 422 = &lt;Response [422]&gt;.status_code</failure></testcase><testcase classname="backend.tests.test_public_reply.TestSubmitPublicReply" name="test_submit_reply_attachment_linked_to_ticket" time="0.290"><failure message="assert 422 == 200&#10; +  where 422 = &lt;Response [422]&gt;.status_code">backend/tests/test_public_reply.py:296: in test_submit_reply_attachment_linked_to_ticket
    assert response.status_code == 200
E   assert 422 == 200
E    +  where 422 = &lt;Response [422]&gt;.status_code</failure></testcase><testcase classname="backend.tests.test_public_reply.TestStatusTransition" name="test_status_transition_requires_aguarda_cliente" time="0.110" /><testcase classname="backend.tests.test_public_reply.TestStatusTransition" name="test_submit_with_aguarda_cliente_changes_to_em_tratamento" time="0.124"><skipped type="pytest.skip" message="Could not fetch statuses">/app/backend/tests/test_public_reply.py:326: Could not fetch statuses</skipped></testcase></testsuite></testsuites>