<?xml version="1.0" encoding="utf-8"?><testsuites name="pytest tests"><testsuite name="pytest" errors="0" failures="0" skipped="0" tests="22" time="8.585" timestamp="2026-02-25T16:37:23.877852+00:00" hostname="agent-env-4e6f21f2-2574-4ae2-bef4-86d94f935784"><testcase classname="backend.tests.test_dashboard_config.TestAuthMeDashboardFields" name="test_get_me_returns_dashboard_default_types" time="1.909" /><testcase classname="backend.tests.test_dashboard_config.TestAuthMeDashboardFields" name="test_get_me_returns_dashboard_default_states" time="0.202" /><testcase classname="backend.tests.test_dashboard_config.TestAuthMeDashboardFields" name="test_get_me_returns_dashboard_only_mine" time="0.134" /><testcase classname="backend.tests.test_dashboard_config.TestAuthMeDashboardFields" name="test_get_me_unauthenticated_returns_401" time="0.174" /><testcase classname="backend.tests.test_dashboard_config.TestPutDashboardConfig" name="test_save_dashboard_types_only" time="0.152" /><testcase classname="backend.tests.test_dashboard_config.TestPutDashboardConfig" name="test_save_types_persisted_in_get_me" time="0.385" /><testcase classname="backend.tests.test_dashboard_config.TestPutDashboardConfig" name="test_save_dashboard_states_only" time="0.204" /><testcase classname="backend.tests.test_dashboard_config.TestPutDashboardConfig" name="test_save_dashboard_only_mine" time="0.167" /><testcase classname="backend.tests.test_dashboard_config.TestPutDashboardConfig" name="test_save_only_mine_persisted" time="0.435" /><testcase classname="backend.tests.test_dashboard_config.TestPutDashboardConfig" name="test_save_all_fields_together" time="0.633" /><testcase classname="backend.tests.test_dashboard_config.TestPutDashboardConfig" name="test_save_returns_user_response_with_correct_fields" time="0.167" /><testcase classname="backend.tests.test_dashboard_config.TestPutDashboardConfig" name="test_save_requires_auth" time="0.164" /><testcase classname="backend.tests.test_dashboard_config.TestPutDashboardConfig" name="test_clear_all_prefs" time="0.470" /><testcase classname="backend.tests.test_dashboard_config.TestPutDashboardConfig" name="test_agent_can_save_dashboard_config" time="0.566" /><testcase classname="backend.tests.test_dashboard_config.TestDashboardStatsWithPrefs" name="test_dashboard_stats_returns_correct_fields" time="0.223" /><testcase classname="backend.tests.test_dashboard_config.TestDashboardStatsWithPrefs" name="test_stats_without_prefs_returns_all" time="0.342" /><testcase classname="backend.tests.test_dashboard_config.TestDashboardStatsWithPrefs" name="test_stats_with_type_filter_reduces_or_equal_count" time="0.544" /><testcase classname="backend.tests.test_dashboard_config.TestDashboardStatsWithPrefs" name="test_stats_with_only_mine_reduces_or_equal" time="0.811" /><testcase classname="backend.tests.test_dashboard_config.TestDashboardStatsWithPrefs" name="test_stats_unauthenticated_returns_401" time="0.227" /><testcase classname="backend.tests.test_dashboard_config.TestDashboardStatsWithPrefs" name="test_cleanup_reset_admin_prefs" time="0.201" /><testcase classname="backend.tests.test_dashboard_config.TestDashboardStatsWithPrefs" name="test_cleanup_reset_supervisor_prefs" time="0.161" /><testcase classname="backend.tests.test_dashboard_config.TestDashboardStatsWithPrefs" name="test_cleanup_reset_agent_prefs" time="0.139" /></testsuite></testsuites>