<?xml version="1.0" encoding="utf-8"?><testsuites name="pytest tests"><testsuite name="pytest" errors="0" failures="0" skipped="0" tests="15" time="8.408" timestamp="2026-02-14T21:47:40.589023+00:00" hostname="agent-env-f155a43d-a208-469f-bb5f-e9548b080ac4"><testcase classname="backend.tests.test_email_sla_features.TestAuthSetup" name="test_health_check" time="0.271" /><testcase classname="backend.tests.test_email_sla_features.TestAuthSetup" name="test_admin_login" time="0.573" /><testcase classname="backend.tests.test_email_sla_features.TestAuthSetup" name="test_supervisor_login" time="0.350" /><testcase classname="backend.tests.test_email_sla_features.TestEmailConfigEndpoint" name="test_get_email_config_admin" time="0.514" /><testcase classname="backend.tests.test_email_sla_features.TestEmailConfigEndpoint" name="test_get_email_config_not_admin" time="0.489" /><testcase classname="backend.tests.test_email_sla_features.TestEmailConfigEndpoint" name="test_get_email_config_no_auth" time="0.109" /><testcase classname="backend.tests.test_email_sla_features.TestEmailTestEndpoint" name="test_test_email_not_admin_rejected" time="1.294" /><testcase classname="backend.tests.test_email_sla_features.TestEmailTestEndpoint" name="test_test_email_no_api_key_configured" time="0.658" /><testcase classname="backend.tests.test_email_sla_features.TestEmailTestEndpoint" name="test_test_email_no_auth" time="0.114" /><testcase classname="backend.tests.test_email_sla_features.TestEmailTestEndpoint" name="test_test_email_invalid_email_format" time="0.483" /><testcase classname="backend.tests.test_email_sla_features.TestDashboardSLAStats" name="test_dashboard_stats_structure" time="0.493" /><testcase classname="backend.tests.test_email_sla_features.TestTicketSLAOverdue" name="test_ticket_has_sla_due_field" time="0.583" /><testcase classname="backend.tests.test_email_sla_features.TestTicketSLAOverdue" name="test_ticket_is_overdue_field" time="0.691" /><testcase classname="backend.tests.test_email_sla_features.TestMessageWithEmail" name="test_create_message_on_ticket_with_email" time="0.867" /><testcase classname="backend.tests.test_email_sla_features.TestQuoteResponse" name="test_quote_response_changes_status" time="0.837" /></testsuite></testsuites>