<?xml version="1.0" encoding="utf-8"?><testsuites name="pytest tests"><testsuite name="pytest" errors="0" failures="1" skipped="0" tests="7" time="4.448" timestamp="2026-02-21T00:10:31.127128+00:00" hostname="agent-env-bf4af7af-4b45-4934-a364-7733dffdd9f8"><testcase classname="backend.tests.test_iteration_7.TestEmailConfig" name="test_get_email_settings" time="0.621"><failure message="AssertionError: smtp_password field missing&#10;assert 'smtp_password' in {'email_from': 'onboarding@resend.dev', 'email_from_name': 'PDPV Tickets', 'frontend_url': 'https://workshop-hub-37.preview.emergentagent.com', 'resend_configured': False, ...}">backend/tests/test_iteration_7.py:42: in test_get_email_settings
    assert "smtp_password" in data, "smtp_password field missing"
E   AssertionError: smtp_password field missing
E   assert 'smtp_password' in {'email_from': 'onboarding@resend.dev', 'email_from_name': 'PDPV Tickets', 'frontend_url': 'https://workshop-hub-37.preview.emergentagent.com', 'resend_configured': False, ...}</failure></testcase><testcase classname="backend.tests.test_iteration_7.TestEmailConfig" name="test_update_email_settings" time="0.458" /><testcase classname="backend.tests.test_iteration_7.TestTicketEdit" name="test_create_and_edit_ticket" time="0.715" /><testcase classname="backend.tests.test_iteration_7.TestTicketEdit" name="test_edit_status_change_logged" time="0.823" /><testcase classname="backend.tests.test_iteration_7.TestDashboardStats" name="test_dashboard_stats" time="0.501" /><testcase classname="backend.tests.test_iteration_7.TestDashboardStats" name="test_tickets_include_priority" time="0.522" /><testcase classname="backend.tests.test_iteration_7.TestAttachmentPreview" name="test_attachment_download_requires_auth" time="0.670" /></testsuite></testsuites>