<?xml version="1.0" encoding="utf-8"?><testsuites name="pytest tests"><testsuite name="pytest" errors="0" failures="0" skipped="0" tests="23" time="5.811" timestamp="2026-02-25T17:19:09.148891+00:00" hostname="agent-env-4e6f21f2-2574-4ae2-bef4-86d94f935784"><testcase classname="backend.tests.test_public_reply.TestPublicReplyGet" name="test_get_public_reply_valid_token" time="0.207" /><testcase classname="backend.tests.test_public_reply.TestPublicReplyGet" name="test_get_public_reply_returns_ticket_number" time="0.205" /><testcase classname="backend.tests.test_public_reply.TestPublicReplyGet" name="test_get_public_reply_returns_customer_name" time="0.173" /><testcase classname="backend.tests.test_public_reply.TestPublicReplyGet" name="test_get_public_reply_returns_required_fields" time="0.234" /><testcase classname="backend.tests.test_public_reply.TestPublicReplyGet" name="test_get_public_reply_no_auth_required" time="0.161" /><testcase classname="backend.tests.test_public_reply.TestPublicReplyGet" name="test_get_public_reply_invalid_token_returns_404" time="0.134" /><testcase classname="backend.tests.test_public_reply.TestPublicReplyGet" name="test_get_public_reply_random_uuid_returns_404" time="0.167" /><testcase classname="backend.tests.test_public_reply.TestGenerateReplyLink" name="test_generate_reply_link_returns_token" time="0.535" /><testcase classname="backend.tests.test_public_reply.TestGenerateReplyLink" name="test_generate_reply_link_returns_expires_at" time="0.140" /><testcase classname="backend.tests.test_public_reply.TestGenerateReplyLink" name="test_generate_reply_link_idempotent" time="0.353" /><testcase classname="backend.tests.test_public_reply.TestGenerateReplyLink" name="test_generate_reply_link_requires_auth" time="0.541" /><testcase classname="backend.tests.test_public_reply.TestGenerateReplyLink" name="test_generate_reply_link_nonexistent_ticket_returns_404" time="0.179" /><testcase classname="backend.tests.test_public_reply.TestTicketReplyLinkToken" name="test_get_ticket_returns_reply_link_token" time="0.462" /><testcase classname="backend.tests.test_public_reply.TestSubmitPublicReply" name="test_submit_reply_creates_message" time="0.169" /><testcase classname="backend.tests.test_public_reply.TestSubmitPublicReply" name="test_submit_reply_returns_success_status" time="0.206" /><testcase classname="backend.tests.test_public_reply.TestSubmitPublicReply" name="test_submit_reply_message_is_from_customer" time="0.287" /><testcase classname="backend.tests.test_public_reply.TestSubmitPublicReply" name="test_submit_reply_messages_have_from_customer_field" time="0.137" /><testcase classname="backend.tests.test_public_reply.TestSubmitPublicReply" name="test_submit_reply_invalid_token_returns_404" time="0.127" /><testcase classname="backend.tests.test_public_reply.TestSubmitPublicReply" name="test_submit_reply_no_auth_required" time="0.221" /><testcase classname="backend.tests.test_public_reply.TestSubmitPublicReply" name="test_submit_reply_with_file_upload" time="0.150" /><testcase classname="backend.tests.test_public_reply.TestSubmitPublicReply" name="test_submit_reply_attachment_linked_to_ticket" time="0.147" /><testcase classname="backend.tests.test_public_reply.TestStatusTransition" name="test_status_transition_requires_aguarda_cliente" time="0.127" /><testcase classname="backend.tests.test_public_reply.TestStatusTransition" name="test_submit_with_aguarda_cliente_changes_to_em_tratamento" time="0.691" /></testsuite></testsuites>