<?xml version="1.0" encoding="utf-8"?><testsuites name="pytest tests"><testsuite name="pytest" errors="0" failures="0" skipped="0" tests="13" time="10.609" timestamp="2026-06-11T22:23:09.722603+00:00" hostname="agent-env-29749927-2bc6-4834-bac0-e367174888e9"><testcase classname="tests.test_whatsapp_phase1.TestTemplates" name="test_templates_requires_auth" time="0.004" /><testcase classname="tests.test_whatsapp_phase1.TestTemplates" name="test_templates_list_ok" time="0.277" /><testcase classname="tests.test_whatsapp_phase1.TestWindow" name="test_window_open" time="0.127" /><testcase classname="tests.test_whatsapp_phase1.TestWindow" name="test_window_closed_no_inbound" time="0.008" /><testcase classname="tests.test_whatsapp_phase1.TestWindow" name="test_window_404" time="0.003" /><testcase classname="tests.test_whatsapp_phase1.TestSendBlocked" name="test_send_message_503" time="0.003" /><testcase classname="tests.test_whatsapp_phase1.TestSendBlocked" name="test_send_quote_link_503" time="0.002" /><testcase classname="tests.test_whatsapp_phase1.TestWebhookInbound" name="test_inbound_creates_intake_not_ticket" time="1.536" /><testcase classname="tests.test_whatsapp_phase1.TestWebhookInbound" name="test_inbound_dedupe" time="1.509" /><testcase classname="tests.test_whatsapp_phase1.TestWebhookInbound" name="test_inbound_second_msg_attaches_to_existing_intake" time="2.509" /><testcase classname="tests.test_whatsapp_phase1.TestWebhookInbound" name="test_inbound_with_plate_suggests_ticket" time="1.513" /><testcase classname="tests.test_whatsapp_phase1.TestWebhookInbound" name="test_inbound_attaches_to_existing_open_ticket_within_24h" time="1.522" /><testcase classname="tests.test_whatsapp_phase1.TestWebhookStatus" name="test_status_updates_message" time="1.520" /></testsuite></testsuites>