<?xml version="1.0" encoding="utf-8"?><testsuites name="pytest tests"><testsuite name="pytest" errors="0" failures="1" skipped="0" tests="40" time="25.693" timestamp="2026-02-21T14:11:56.806507+00:00" hostname="agent-env-bf4af7af-4b45-4934-a364-7733dffdd9f8"><testcase classname="backend.tests.test_comprehensive_iteration9.TestAuth" name="test_health_check" time="0.211" /><testcase classname="backend.tests.test_comprehensive_iteration9.TestAuth" name="test_admin_login" time="0.374" /><testcase classname="backend.tests.test_comprehensive_iteration9.TestAuth" name="test_supervisor_login" time="0.397" /><testcase classname="backend.tests.test_comprehensive_iteration9.TestAuth" name="test_agent_login" time="0.350" /><testcase classname="backend.tests.test_comprehensive_iteration9.TestAuth" name="test_invalid_login" time="0.114" /><testcase classname="backend.tests.test_comprehensive_iteration9.TestAuth" name="test_get_current_user" time="0.480" /><testcase classname="backend.tests.test_comprehensive_iteration9.TestDashboard" name="test_dashboard_stats" time="0.461" /><testcase classname="backend.tests.test_comprehensive_iteration9.TestTickets" name="test_list_tickets" time="0.808" /><testcase classname="backend.tests.test_comprehensive_iteration9.TestTickets" name="test_create_ticket" time="0.853" /><testcase classname="backend.tests.test_comprehensive_iteration9.TestTickets" name="test_create_urgent_ticket" time="0.879" /><testcase classname="backend.tests.test_comprehensive_iteration9.TestTickets" name="test_get_ticket" time="0.924" /><testcase classname="backend.tests.test_comprehensive_iteration9.TestTickets" name="test_update_ticket_status" time="1.037" /><testcase classname="backend.tests.test_comprehensive_iteration9.TestTickets" name="test_assign_ticket" time="0.910"><failure message="AssertionError: assert 'ABERTO' == 'EM_TRATAMENTO'&#10;  &#10;  - EM_TRATAMENTO&#10;  + ABERTO">backend/tests/test_comprehensive_iteration9.py:209: in test_assign_ticket
    assert updated["status"] == "EM_TRATAMENTO"  # Should auto-change when assigned
    ^^^^^^^^^^^^^^^^^^^^^^^^^^^^^^^^^^^^^^^^^^^
E   AssertionError: assert 'ABERTO' == 'EM_TRATAMENTO'
E     
E     - EM_TRATAMENTO
E     + ABERTO</failure></testcase><testcase classname="backend.tests.test_comprehensive_iteration9.TestTickets" name="test_agent_self_assign" time="0.898" /><testcase classname="backend.tests.test_comprehensive_iteration9.TestTickets" name="test_filter_tickets_by_status" time="0.795" /><testcase classname="backend.tests.test_comprehensive_iteration9.TestTickets" name="test_search_tickets" time="0.933" /><testcase classname="backend.tests.test_comprehensive_iteration9.TestTicketStatuses" name="test_get_ticket_statuses" time="0.457" /><testcase classname="backend.tests.test_comprehensive_iteration9.TestMessagesAndNotes" name="test_send_message" time="0.581" /><testcase classname="backend.tests.test_comprehensive_iteration9.TestMessagesAndNotes" name="test_list_messages" time="0.550" /><testcase classname="backend.tests.test_comprehensive_iteration9.TestMessagesAndNotes" name="test_add_private_note" time="0.546" /><testcase classname="backend.tests.test_comprehensive_iteration9.TestMessagesAndNotes" name="test_list_notes" time="0.595" /><testcase classname="backend.tests.test_comprehensive_iteration9.TestQuoteSystem" name="test_set_quote_value" time="0.553" /><testcase classname="backend.tests.test_comprehensive_iteration9.TestQuoteSystem" name="test_generate_quote_link" time="0.678" /><testcase classname="backend.tests.test_comprehensive_iteration9.TestQuoteSystem" name="test_public_quote_access" time="0.790" /><testcase classname="backend.tests.test_comprehensive_iteration9.TestQuoteSystem" name="test_accept_quote_changes_status" time="1.031" /><testcase classname="backend.tests.test_comprehensive_iteration9.TestQuoteSystem" name="test_reject_quote_changes_status" time="1.017" /><testcase classname="backend.tests.test_comprehensive_iteration9.TestArchiveRestore" name="test_archive_ticket" time="0.721" /><testcase classname="backend.tests.test_comprehensive_iteration9.TestArchiveRestore" name="test_restore_ticket" time="0.770" /><testcase classname="backend.tests.test_comprehensive_iteration9.TestArchiveRestore" name="test_list_archived_tickets" time="0.687" /><testcase classname="backend.tests.test_comprehensive_iteration9.TestAdminSettings" name="test_get_ticket_types" time="0.553" /><testcase classname="backend.tests.test_comprehensive_iteration9.TestAdminSettings" name="test_get_ticket_statuses_admin" time="0.448" /><testcase classname="backend.tests.test_comprehensive_iteration9.TestAdminSettings" name="test_get_sla_config" time="0.457" /><testcase classname="backend.tests.test_comprehensive_iteration9.TestAdminSettings" name="test_get_email_settings" time="0.466" /><testcase classname="backend.tests.test_comprehensive_iteration9.TestAdminSettings" name="test_get_vapid_config" time="0.481" /><testcase classname="backend.tests.test_comprehensive_iteration9.TestReports" name="test_generate_report" time="0.445" /><testcase classname="backend.tests.test_comprehensive_iteration9.TestCustomersAndUsers" name="test_list_customers" time="0.526" /><testcase classname="backend.tests.test_comprehensive_iteration9.TestCustomersAndUsers" name="test_list_users" time="0.492" /><testcase classname="backend.tests.test_comprehensive_iteration9.TestCustomersAndUsers" name="test_customer_search" time="0.559" /><testcase classname="backend.tests.test_comprehensive_iteration9.TestPermissions" name="test_agent_cannot_assign_to_others" time="0.923" /><testcase classname="backend.tests.test_comprehensive_iteration9.TestPermissions" name="test_agent_users_endpoint_access" time="0.806" /></testsuite></testsuites>