<?xml version="1.0" encoding="utf-8"?><testsuites name="pytest tests"><testsuite name="pytest" errors="0" failures="0" skipped="0" tests="21" time="11.044" timestamp="2026-02-15T00:25:08.130197+00:00" hostname="agent-env-591facb0-6123-4270-a8b1-bbb38528ac33"><testcase classname="backend.tests.test_p1_p2_p4_features.TestAdminAuth" name="test_admin_login" time="0.469" /><testcase classname="backend.tests.test_p1_p2_p4_features.TestP2AdminTicketTypes" name="test_get_ticket_types_admin" time="0.474" /><testcase classname="backend.tests.test_p1_p2_p4_features.TestP2AdminTicketTypes" name="test_get_ticket_types_supervisor_forbidden" time="0.554" /><testcase classname="backend.tests.test_p1_p2_p4_features.TestP2AdminTicketTypes" name="test_create_ticket_type_admin" time="0.137" /><testcase classname="backend.tests.test_p1_p2_p4_features.TestP2AdminTicketTypes" name="test_update_ticket_type_admin" time="0.254" /><testcase classname="backend.tests.test_p1_p2_p4_features.TestP2AdminTicketStatuses" name="test_get_ticket_statuses_admin" time="0.498" /><testcase classname="backend.tests.test_p1_p2_p4_features.TestP2AdminTicketStatuses" name="test_create_ticket_status_admin" time="0.127" /><testcase classname="backend.tests.test_p1_p2_p4_features.TestP2AdminSlaConfig" name="test_get_sla_config_admin" time="0.537" /><testcase classname="backend.tests.test_p1_p2_p4_features.TestP2AdminSlaConfig" name="test_update_sla_config_admin" time="0.232" /><testcase classname="backend.tests.test_p1_p2_p4_features.TestP4QuoteLinkGeneration" name="test_generate_quote_link" time="0.701" /><testcase classname="backend.tests.test_p1_p2_p4_features.TestP4QuoteLinkGeneration" name="test_generate_quote_link_no_quote_value" time="0.291" /><testcase classname="backend.tests.test_p1_p2_p4_features.TestP4PublicQuoteResponse" name="test_get_public_quote_no_auth" time="0.937" /><testcase classname="backend.tests.test_p1_p2_p4_features.TestP4PublicQuoteResponse" name="test_get_public_quote_invalid_token" time="0.154" /><testcase classname="backend.tests.test_p1_p2_p4_features.TestP4PublicQuoteResponse" name="test_respond_to_quote_accept" time="1.235" /><testcase classname="backend.tests.test_p1_p2_p4_features.TestP4PublicQuoteResponse" name="test_respond_to_quote_reject" time="1.130" /><testcase classname="backend.tests.test_p1_p2_p4_features.TestP4PublicQuoteResponse" name="test_respond_twice_fails" time="0.268" /><testcase classname="backend.tests.test_p1_p2_p4_features.TestP1Attachments" name="test_upload_attachment" time="0.655" /><testcase classname="backend.tests.test_p1_p2_p4_features.TestP1Attachments" name="test_list_attachments" time="0.356" /><testcase classname="backend.tests.test_p1_p2_p4_features.TestP1Attachments" name="test_send_message_with_attachments" time="0.324" /><testcase classname="backend.tests.test_p1_p2_p4_features.TestP1Attachments" name="test_get_messages_with_attachments" time="0.129" /><testcase classname="backend.tests.test_p1_p2_p4_features.TestCleanup" name="test_cleanup_test_data" time="1.499" /></testsuite></testsuites>