<?xml version="1.0" encoding="utf-8"?><testsuites name="pytest tests"><testsuite name="pytest" errors="0" failures="0" skipped="0" tests="20" time="8.163" timestamp="2026-03-30T09:26:15.532013+00:00" hostname="agent-env-1debbdec-d8c0-46ef-a96d-e895cde26512"><testcase classname="tests.test_iteration_18.TestAuth" name="test_login_success" time="0.471" /><testcase classname="tests.test_iteration_18.TestAuth" name="test_login_invalid_credentials" time="0.109" /><testcase classname="tests.test_iteration_18.TestDashboard" name="test_dashboard_stats" time="0.463" /><testcase classname="tests.test_iteration_18.TestCustomerSearch" name="test_customer_search_returns_vehicles_array" time="0.523" /><testcase classname="tests.test_iteration_18.TestCustomerSearch" name="test_customer_search_by_phone" time="0.482" /><testcase classname="tests.test_iteration_18.TestCustomerSearch" name="test_customer_search_by_plate" time="0.467" /><testcase classname="tests.test_iteration_18.TestCustomerSearch" name="test_customer_list" time="0.449" /><testcase classname="tests.test_iteration_18.TestTickets" name="test_tickets_list" time="0.436" /><testcase classname="tests.test_iteration_18.TestTickets" name="test_ticket_types" time="0.468" /><testcase classname="tests.test_iteration_18.TestTickets" name="test_ticket_statuses" time="0.441" /><testcase classname="tests.test_iteration_18.TestPublicEndpoints" name="test_public_branding" time="0.101" /><testcase classname="tests.test_iteration_18.TestPublicEndpoints" name="test_public_quote" time="0.110" /><testcase classname="tests.test_iteration_18.TestReports" name="test_reports_generate" time="0.441" /><testcase classname="tests.test_iteration_18.TestReports" name="test_tire_analysis" time="0.461" /><testcase classname="tests.test_iteration_18.TestReports" name="test_rejection_reasons" time="0.451" /><testcase classname="tests.test_iteration_18.TestUsers" name="test_users_list" time="0.445" /><testcase classname="tests.test_iteration_18.TestReminders" name="test_reminders_list" time="0.436" /><testcase classname="tests.test_iteration_18.TestAdminSettings" name="test_admin_holidays" time="0.434" /><testcase classname="tests.test_iteration_18.TestAdminSettings" name="test_admin_branding" time="0.431" /><testcase classname="tests.test_iteration_18.TestIntake" name="test_intake_pending_count" time="0.451" /></testsuite></testsuites>