<?xml version="1.0" encoding="utf-8"?><testsuites name="pytest tests"><testsuite name="pytest" errors="0" failures="0" skipped="0" tests="12" time="8.597" timestamp="2026-02-26T11:32:33.437663+00:00" hostname="agent-env-3fb1964d-3d3d-48a6-b4f2-23de76369da0"><testcase classname="tests.test_quote_immutability.TestQuoteLocking" name="test_initial_ticket_not_locked" time="0.872" /><testcase classname="tests.test_quote_immutability.TestQuoteLocking" name="test_generate_link_locks_quote" time="0.581" /><testcase classname="tests.test_quote_immutability.TestQuoteLocking" name="test_editing_locked_quote_returns_409" time="0.536" /><testcase classname="tests.test_quote_immutability.TestOneTimeDecision" name="test_first_response_accepted" time="0.754" /><testcase classname="tests.test_quote_immutability.TestOneTimeDecision" name="test_second_response_rejected_409" time="0.781" /><testcase classname="tests.test_quote_immutability.TestOneTimeDecision" name="test_public_page_shows_decision_info" time="0.661" /><testcase classname="tests.test_quote_immutability.TestNewVersionWorkflow" name="test_new_version_unlocks_quote" time="0.791" /><testcase classname="tests.test_quote_immutability.TestNewVersionWorkflow" name="test_new_version_allows_editing" time="0.755" /><testcase classname="tests.test_quote_immutability.TestNewVersionWorkflow" name="test_new_version_resets_options_acceptance" time="0.964" /><testcase classname="tests.test_quote_immutability.TestNewVersionWorkflow" name="test_new_version_on_unlocked_quote_fails" time="0.485" /><testcase classname="tests.test_quote_immutability.TestEdgeCases" name="test_locked_ticket_fields_in_response" time="0.412" /><testcase classname="tests.test_quote_immutability.TestEdgeCases" name="test_multiple_link_generations_same_lock" time="0.869" /></testsuite></testsuites>