<?xml version="1.0" encoding="utf-8"?><testsuites name="pytest tests"><testsuite name="pytest" errors="0" failures="0" skipped="0" tests="12" time="2.691" timestamp="2026-02-11T23:05:54.471524+00:00" hostname="agent-env-053a5f36-7d6f-48be-bbc3-d1fcb254f7c3"><testcase classname="backend.tests.test_web_push_api.TestHealthCheck" name="test_health_check_api" time="0.093" /><testcase classname="backend.tests.test_web_push_api.TestAuthentication" name="test_login_admin_success" time="0.323" /><testcase classname="backend.tests.test_web_push_api.TestAuthentication" name="test_login_supervisor_success" time="0.295" /><testcase classname="backend.tests.test_web_push_api.TestAuthentication" name="test_login_invalid_credentials" time="0.058" /><testcase classname="backend.tests.test_web_push_api.TestWebPushAPI" name="test_vapid_public_key_no_auth" time="0.048" /><testcase classname="backend.tests.test_web_push_api.TestWebPushAPI" name="test_push_subscribe_requires_auth" time="0.045" /><testcase classname="backend.tests.test_web_push_api.TestWebPushAPI" name="test_push_subscribe_with_auth" time="0.355" /><testcase classname="backend.tests.test_web_push_api.TestWebPushAPI" name="test_push_unsubscribe_requires_auth" time="0.043" /><testcase classname="backend.tests.test_web_push_api.TestWebPushAPI" name="test_push_unsubscribe_with_auth" time="0.331" /><testcase classname="backend.tests.test_web_push_api.TestAuthProtectedEndpoints" name="test_get_me_with_auth" time="0.353" /><testcase classname="backend.tests.test_web_push_api.TestAuthProtectedEndpoints" name="test_notifications_with_auth" time="0.345" /><testcase classname="backend.tests.test_web_push_api.TestAuthProtectedEndpoints" name="test_unread_count_with_auth" time="0.337" /></testsuite></testsuites>