<?xml version="1.0" encoding="utf-8"?><testsuites name="pytest tests"><testsuite name="pytest" errors="0" failures="1" skipped="0" tests="24" time="140.825" timestamp="2026-03-09T17:19:06.801472+00:00" hostname="agent-env-888bdb36-f424-43d5-a013-871fc1844412"><testcase classname="backend.tests.test_intake_module.TestModuleStatus" name="test_module_status_returns_intake_enabled" time="0.645" /><testcase classname="backend.tests.test_intake_module.TestIntakeCreate" name="test_create_intake_success" time="0.199" /><testcase classname="backend.tests.test_intake_module.TestIntakeCreate" name="test_create_intake_minimal_fields" time="0.166" /><testcase classname="backend.tests.test_intake_module.TestIntakeCreate" name="test_create_intake_different_sources" time="0.829" /><testcase classname="backend.tests.test_intake_module.TestIntakeRead" name="test_list_intake_requests" time="134.882" /><testcase classname="backend.tests.test_intake_module.TestIntakeRead" name="test_get_single_intake_request" time="0.293" /><testcase classname="backend.tests.test_intake_module.TestIntakeRead" name="test_get_nonexistent_intake_returns_404" time="0.125" /><testcase classname="backend.tests.test_intake_module.TestIntakeRead" name="test_list_intake_with_status_filter" time="0.141" /><testcase classname="backend.tests.test_intake_module.TestIntakeUpdate" name="test_update_intake_all_fields" time="0.313" /><testcase classname="backend.tests.test_intake_module.TestIntakeUpdate" name="test_update_single_field" time="0.244" /><testcase classname="backend.tests.test_intake_module.TestIntakeUpdate" name="test_update_nonexistent_intake_returns_404" time="0.102" /><testcase classname="backend.tests.test_intake_module.TestIntakeDelete" name="test_delete_pending_intake" time="0.233" /><testcase classname="backend.tests.test_intake_module.TestIntakeDelete" name="test_delete_nonexistent_intake_returns_404" time="0.107" /><testcase classname="backend.tests.test_intake_module.TestIntakeConversion" name="test_convert_intake_to_ticket_success" time="0.325"><failure message="KeyError: 'intake_request_id'">backend/tests/test_intake_module.py:346: in test_convert_intake_to_ticket_success
    assert ticket_data["intake_request_id"] == intake_id
           ^^^^^^^^^^^^^^^^^^^^^^^^^^^^^^^^
E   KeyError: 'intake_request_id'</failure></testcase><testcase classname="backend.tests.test_intake_module.TestIntakeConversion" name="test_convert_with_override_data" time="0.218" /><testcase classname="backend.tests.test_intake_module.TestIntakeConversion" name="test_convert_already_converted_returns_400" time="0.165" /><testcase classname="backend.tests.test_intake_module.TestIntakeConversion" name="test_cannot_delete_converted_intake" time="0.166" /><testcase classname="backend.tests.test_intake_module.TestIntakeConversion" name="test_cannot_edit_converted_intake" time="0.194" /><testcase classname="backend.tests.test_intake_module.TestModuleIsolation" name="test_tickets_endpoint_works_independently" time="0.123" /><testcase classname="backend.tests.test_intake_module.TestModuleIsolation" name="test_delete_intake_does_not_affect_tickets" time="0.301" /><testcase classname="backend.tests.test_intake_module.TestModuleIsolation" name="test_converted_ticket_exists_in_tickets_list" time="0.241" /><testcase classname="backend.tests.test_intake_module.TestSourceToChannelMapping" name="test_telegram_source_maps_to_telegram_channel" time="0.227" /><testcase classname="backend.tests.test_intake_module.TestSourceToChannelMapping" name="test_whatsapp_source_maps_to_whatsapp_channel" time="0.229" /><testcase classname="backend.tests.test_intake_module.TestSourceToChannelMapping" name="test_email_source_maps_to_email_channel" time="0.221" /></testsuite></testsuites>