<?xml version="1.0" encoding="utf-8"?><testsuites name="pytest tests"><testsuite name="pytest" errors="0" failures="0" skipped="0" tests="10" time="2.573" timestamp="2026-07-18T23:02:48.119423+00:00" hostname="agent-env-29749927-2bc6-4834-bac0-e367174888e9"><testcase classname="backend.tests.test_iteration_30_dashboard_overdue.TestOverdueTrueOnlyOverdue" name="test_overdue_true_limit_5_returns_only_overdue" time="0.549" /><testcase classname="backend.tests.test_iteration_30_dashboard_overdue.TestOverdueTrueOnlyOverdue" name="test_overdue_true_large_limit_matches_stats" time="0.270" /><testcase classname="backend.tests.test_iteration_30_dashboard_overdue.TestOverdueRoleGating" name="test_agent_only_sees_own_or_unassigned" time="0.644" /><testcase classname="backend.tests.test_iteration_30_dashboard_overdue.TestOverdueRoleGating" name="test_admin_sees_more_or_equal_than_agent" time="0.332" /><testcase classname="backend.tests.test_iteration_30_dashboard_overdue.TestOverdueFalseAndDefault" name="test_overdue_false_returns_only_not_overdue" time="0.159" /><testcase classname="backend.tests.test_iteration_30_dashboard_overdue.TestOverdueFalseAndDefault" name="test_no_overdue_param_returns_mix" time="0.111" /><testcase classname="backend.tests.test_iteration_30_dashboard_overdue.TestOverdueCombinedFilters" name="test_overdue_with_search" time="0.108" /><testcase classname="backend.tests.test_iteration_30_dashboard_overdue.TestOverdueCombinedFilters" name="test_overdue_with_status_em_tratamento" time="0.107" /><testcase classname="backend.tests.test_iteration_30_dashboard_overdue.TestOverdueCombinedFilters" name="test_overdue_with_status_fechado_returns_empty" time="0.105" /><testcase classname="backend.tests.test_iteration_30_dashboard_overdue.TestDashboardBugScenario" name="test_atrasados_sla_gt_zero_implies_overdue_endpoint_non_empty" time="0.112" /></testsuite></testsuites>