<?xml version="1.0" encoding="utf-8"?><testsuites name="pytest tests"><testsuite name="pytest" errors="0" failures="0" skipped="0" tests="20" time="2.776" timestamp="2026-03-28T12:47:46.167154+00:00" hostname="agent-env-1debbdec-d8c0-46ef-a96d-e895cde26512"><testcase classname="tests.test_public_branding_reports.TestPublicBrandingEndpoint" name="test_public_branding_returns_200_without_auth" time="0.187" /><testcase classname="tests.test_public_branding_reports.TestPublicBrandingEndpoint" name="test_public_branding_returns_expected_fields" time="0.102" /><testcase classname="tests.test_public_branding_reports.TestPublicBrandingEndpoint" name="test_public_branding_default_values" time="0.107" /><testcase classname="tests.test_public_branding_reports.TestPublicQuoteEndpoint" name="test_public_quote_returns_200_for_valid_token" time="0.114" /><testcase classname="tests.test_public_branding_reports.TestPublicQuoteEndpoint" name="test_public_quote_returns_expected_fields" time="0.117" /><testcase classname="tests.test_public_branding_reports.TestPublicQuoteEndpoint" name="test_public_quote_returns_404_for_invalid_token" time="0.101" /><testcase classname="tests.test_public_branding_reports.TestTireAnalysisEndpoint" name="test_tire_analysis_requires_auth" time="0.107" /><testcase classname="tests.test_public_branding_reports.TestTireAnalysisEndpoint" name="test_tire_analysis_returns_200_with_auth" time="0.467" /><testcase classname="tests.test_public_branding_reports.TestTireAnalysisEndpoint" name="test_tire_analysis_returns_expected_fields" time="0.102" /><testcase classname="tests.test_public_branding_reports.TestTireAnalysisEndpoint" name="test_tire_analysis_with_date_filters" time="0.110" /><testcase classname="tests.test_public_branding_reports.TestRejectionReasonsEndpoint" name="test_rejection_reasons_requires_auth" time="0.109" /><testcase classname="tests.test_public_branding_reports.TestRejectionReasonsEndpoint" name="test_rejection_reasons_returns_200_with_auth" time="0.158" /><testcase classname="tests.test_public_branding_reports.TestRejectionReasonsEndpoint" name="test_rejection_reasons_returns_correct_structure" time="0.113" /><testcase classname="tests.test_public_branding_reports.TestRejectionReasonsEndpoint" name="test_rejection_reasons_by_reason_structure" time="0.117" /><testcase classname="tests.test_public_branding_reports.TestRejectionReasonsEndpoint" name="test_rejection_reasons_by_ticket_type_structure" time="0.103" /><testcase classname="tests.test_public_branding_reports.TestRejectionReasonsEndpoint" name="test_rejection_reasons_with_date_filters" time="0.119" /><testcase classname="tests.test_public_branding_reports.TestReportsEndpoint" name="test_reports_requires_auth" time="0.108" /><testcase classname="tests.test_public_branding_reports.TestReportsEndpoint" name="test_reports_returns_200_with_auth" time="0.114" /><testcase classname="tests.test_public_branding_reports.TestReportsEndpoint" name="test_reports_returns_expected_structure" time="0.115" /><testcase classname="tests.test_public_branding_reports.TestReportsEndpoint" name="test_reports_metrics_structure" time="0.119" /></testsuite></testsuites>