<?xml version="1.0" encoding="utf-8"?><testsuites name="pytest tests"><testsuite name="pytest" errors="0" failures="0" skipped="0" tests="19" time="6.249" timestamp="2026-04-15T22:01:35.250520+00:00" hostname="agent-env-1debbdec-d8c0-46ef-a96d-e895cde26512"><testcase classname="backend.tests.test_telegram_alerts.TestModuleStatus" name="test_telegram_alerts_module_enabled" time="0.592" /><testcase classname="backend.tests.test_telegram_alerts.TestAlertsStats" name="test_get_stats" time="0.132" /><testcase classname="backend.tests.test_telegram_alerts.TestAlertsCount" name="test_get_pending_count" time="0.146" /><testcase classname="backend.tests.test_telegram_alerts.TestAlertsList" name="test_list_all_alerts" time="0.228" /><testcase classname="backend.tests.test_telegram_alerts.TestAlertsList" name="test_list_pending_alerts" time="0.217" /><testcase classname="backend.tests.test_telegram_alerts.TestAlertsList" name="test_list_converted_alerts" time="0.144" /><testcase classname="backend.tests.test_telegram_alerts.TestAlertsList" name="test_list_dismissed_alerts" time="0.215" /><testcase classname="backend.tests.test_telegram_alerts.TestAlertsList" name="test_pagination" time="0.150" /><testcase classname="backend.tests.test_telegram_alerts.TestAlertDetail" name="test_get_alert_detail" time="0.428" /><testcase classname="backend.tests.test_telegram_alerts.TestAlertDetail" name="test_get_nonexistent_alert" time="0.180" /><testcase classname="backend.tests.test_telegram_alerts.TestAlertUpdate" name="test_update_alert_fields" time="0.824" /><testcase classname="backend.tests.test_telegram_alerts.TestAlertUpdate" name="test_update_nonexistent_alert" time="0.166" /><testcase classname="backend.tests.test_telegram_alerts.TestAlertConvert" name="test_convert_alert_to_ticket_full_form" time="0.727" /><testcase classname="backend.tests.test_telegram_alerts.TestAlertConvert" name="test_convert_already_converted_alert" time="0.320" /><testcase classname="backend.tests.test_telegram_alerts.TestAlertDismiss" name="test_dismiss_alert" time="0.427" /><testcase classname="backend.tests.test_telegram_alerts.TestAlertDelete" name="test_delete_alert" time="0.518" /><testcase classname="backend.tests.test_telegram_alerts.TestUserAlertsAccess" name="test_list_users_shows_alerts_access" time="0.138" /><testcase classname="backend.tests.test_telegram_alerts.TestUserAlertsAccess" name="test_update_user_alerts_access" time="0.448" /><testcase classname="backend.tests.test_telegram_alerts.TestTicketTypes" name="test_get_ticket_types" time="0.158" /></testsuite></testsuites>