<?xml version="1.0" encoding="utf-8"?><testsuites name="pytest tests"><testsuite name="pytest" errors="0" failures="0" skipped="0" tests="22" time="3.635" timestamp="2026-03-28T12:58:02.171352+00:00" hostname="agent-env-1debbdec-d8c0-46ef-a96d-e895cde26512"><testcase classname="tests.test_quote_extraction_iteration17.TestHealthAndBasics" name="test_api_health" time="0.200" /><testcase classname="tests.test_quote_extraction_iteration17.TestHealthAndBasics" name="test_login_success" time="0.368" /><testcase classname="tests.test_quote_extraction_iteration17.TestPublicEndpointsNoAuth" name="test_public_branding_no_auth" time="0.101" /><testcase classname="tests.test_quote_extraction_iteration17.TestPublicEndpointsNoAuth" name="test_public_quote_no_auth" time="0.101" /><testcase classname="tests.test_quote_extraction_iteration17.TestPublicEndpointsNoAuth" name="test_public_quote_invalid_token" time="0.142" /><testcase classname="tests.test_quote_extraction_iteration17.TestPublicEndpointsNoAuth" name="test_public_quote_pdf_generation" time="0.296" /><testcase classname="tests.test_quote_extraction_iteration17.TestQuoteOptionsWithAuth" name="test_get_quote_options_requires_auth" time="0.101" /><testcase classname="tests.test_quote_extraction_iteration17.TestQuoteOptionsWithAuth" name="test_get_quote_options_with_auth" time="0.645" /><testcase classname="tests.test_quote_extraction_iteration17.TestQuoteOptionsWithAuth" name="test_save_quote_options_requires_auth" time="0.110" /><testcase classname="tests.test_quote_extraction_iteration17.TestQuoteLinkGeneration" name="test_generate_quote_link_requires_auth" time="0.096" /><testcase classname="tests.test_quote_extraction_iteration17.TestQuoteLinkGeneration" name="test_generate_reply_link_requires_auth" time="0.113" /><testcase classname="tests.test_quote_extraction_iteration17.TestQuoteRespond" name="test_respond_to_quote_already_decided" time="0.107" /><testcase classname="tests.test_quote_extraction_iteration17.TestAdminReports" name="test_tire_analysis_requires_auth" time="0.116" /><testcase classname="tests.test_quote_extraction_iteration17.TestAdminReports" name="test_tire_analysis_with_auth" time="0.141" /><testcase classname="tests.test_quote_extraction_iteration17.TestAdminReports" name="test_rejection_reasons_requires_auth" time="0.109" /><testcase classname="tests.test_quote_extraction_iteration17.TestAdminReports" name="test_rejection_reasons_with_auth" time="0.102" /><testcase classname="tests.test_quote_extraction_iteration17.TestAdminReports" name="test_reports_endpoint_requires_auth" time="0.110" /><testcase classname="tests.test_quote_extraction_iteration17.TestAdminReports" name="test_reports_endpoint_with_auth" time="0.134" /><testcase classname="tests.test_quote_extraction_iteration17.TestDashboardAndTickets" name="test_dashboard_stats" time="0.119" /><testcase classname="tests.test_quote_extraction_iteration17.TestDashboardAndTickets" name="test_tickets_list" time="0.135" /><testcase classname="tests.test_quote_extraction_iteration17.TestDashboardAndTickets" name="test_ticket_types" time="0.098" /><testcase classname="tests.test_quote_extraction_iteration17.TestDashboardAndTickets" name="test_ticket_statuses" time="0.103" /></testsuite></testsuites>