<?xml version="1.0" encoding="utf-8"?><testsuites name="pytest tests"><testsuite name="pytest" errors="0" failures="0" skipped="0" tests="16" time="2.625" timestamp="2026-02-15T11:13:12.592937+00:00" hostname="agent-env-591facb0-6123-4270-a8b1-bbb38528ac33"><testcase classname="backend.tests.test_new_features.TestEmailSettings" name="test_get_email_settings_admin" time="0.616" /><testcase classname="backend.tests.test_new_features.TestEmailSettings" name="test_get_email_settings_supervisor_forbidden" time="0.485" /><testcase classname="backend.tests.test_new_features.TestEmailSettings" name="test_put_email_settings_admin" time="0.168" /><testcase classname="backend.tests.test_new_features.TestEmailSettings" name="test_put_email_settings_supervisor_forbidden" time="0.057" /><testcase classname="backend.tests.test_new_features.TestQuoteHistory" name="test_get_quote_history" time="0.240" /><testcase classname="backend.tests.test_new_features.TestQuoteHistory" name="test_quote_history_logs_changes" time="0.159" /><testcase classname="backend.tests.test_new_features.TestQuoteHistory" name="test_quote_history_nonexistent_ticket" time="0.052" /><testcase classname="backend.tests.test_new_features.TestAdminReports" name="test_generate_report_admin" time="0.061" /><testcase classname="backend.tests.test_new_features.TestAdminReports" name="test_generate_report_supervisor" time="0.054" /><testcase classname="backend.tests.test_new_features.TestAdminReports" name="test_generate_report_with_filters" time="0.069" /><testcase classname="backend.tests.test_new_features.TestAdminReports" name="test_generate_report_agent_performance" time="0.054" /><testcase classname="backend.tests.test_new_features.TestAdminReports" name="test_generate_report_daily_counts" time="0.061" /><testcase classname="backend.tests.test_new_features.TestAdminReports" name="test_generate_report_unauthorized" time="0.049" /><testcase classname="backend.tests.test_new_features.TestEmailTestEndpoint" name="test_test_email_requires_resend_config" time="0.080" /><testcase classname="backend.tests.test_new_features.TestQuoteLinkWithEmail" name="test_generate_quote_link_creates_link" time="0.113" /><testcase classname="backend.tests.test_new_features.TestQuoteLinkWithEmail" name="test_quote_link_without_value_fails" time="0.204" /></testsuite></testsuites>